2022-10-01 20:13:54,341 : kivy : Factory: 186 symbols loaded
2022-10-01 20:13:54,570 : kivy : ImageLoaderFFPy: Using ffpyplayer 4.3.2
2022-10-01 20:13:54,570 : kivy : Image: Providers: img_tex, img_dds, img_sdl2, img_pil, img_ffpyplayer 
2022-10-01 20:13:54,653 : kivy : VideoGstplayer: Using Gstreamer 1.18.0.0
2022-10-01 20:13:54,653 : kivy : Video: Provider: gstplayer
2022-10-01 20:13:55,090 : kivy : Loading MPF-MC controller
2022-10-01 20:13:55,096 : YamlMultifileConfigLoader : Machine config file #1: config
2022-10-01 20:13:55,097 : ConfigProcessor : Config file in cache changed: C:\pinball\Pinball-MPF\mpfv1\config\config
2022-10-01 20:13:55,109 : ConfigProcessor : Loading config from file C:\Users\dorus\AppData\Local\Programs\Python\Python38\lib\site-packages\mpfmc\mcconfig.yaml.
2022-10-01 20:13:55,161 : ConfigProcessor : Loading config: C:\Users\dorus\AppData\Local\Programs\Python\Python38\lib\site-packages\mpfmc\mcconfig.yaml
2022-10-01 20:13:55,161 : ConfigProcessor : Loading config from file C:\pinball\Pinball-MPF\mpfv1\config\config.
2022-10-01 20:13:55,164 : ConfigProcessor : Loading config: C:\pinball\Pinball-MPF\mpfv1\config\config
2022-10-01 20:13:55,187 : ConfigProcessor : Loading config: C:\pinball\Pinball-MPF\mpfv1\config\hardware.yaml
2022-10-01 20:13:55,194 : ConfigProcessor : Loading config: C:\pinball\Pinball-MPF\mpfv1\config\sounds.yaml
2022-10-01 20:13:55,196 : ConfigProcessor : Loading config: C:\pinball\Pinball-MPF\mpfv1\config\display.yaml
2022-10-01 20:13:55,203 : ConfigProcessor : Loading config: C:\pinball\Pinball-MPF\mpfv1\config\keyboard.yaml
2022-10-01 20:13:55,208 : ConfigProcessor : Loading config: C:\pinball\Pinball-MPF\mpfv1\config\slides.yaml
2022-10-01 20:13:55,209 : ConfigProcessor : Config file cache created: C:\Users\dorus\AppData\Local\Temp\2c72eb340730b16858938bc1db8d4d2b.mpf_cache
2022-10-01 20:13:55,210 : ConfigProcessor : Loading config from cache: C:\Users\dorus\AppData\Local\Temp\444cf03b543d197e203cfa23af3f8fc0.mpf_cache
2022-10-01 20:13:55,210 : ConfigProcessor : Loading config from cache: C:\Users\dorus\AppData\Local\Temp\336e6d2601ccb63523c70814805acbf1.mpf_cache
2022-10-01 20:13:55,211 : ConfigProcessor : Loading config from cache: C:\Users\dorus\AppData\Local\Temp\997bf01789d16ed996f231036966dd64.mpf_cache
2022-10-01 20:13:55,211 : ConfigProcessor : Loading config from cache: C:\Users\dorus\AppData\Local\Temp\99703a5eb7b45595525b767565d37410.mpf_cache
2022-10-01 20:13:55,212 : ConfigProcessor : Loading config from cache: C:\Users\dorus\AppData\Local\Temp\3bda3283678547d211760e16eb23b4da.mpf_cache
2022-10-01 20:13:55,218 : mpfmc : Mission Pinball Framework Media Controller v0.55.0
2022-10-01 20:13:55,218 : mpfmc : Mission Pinball Framework Game Engine v0.55.0
2022-10-01 20:13:55,218 : mpfmc : Machine path: C:\pinball\Pinball-MPF\mpfv1
2022-10-01 20:13:55,218 : mpfmc : Starting clock at 60.0Hz
2022-10-01 20:13:55,240 : kivy : Text: Provider: sdl2
2022-10-01 20:13:55,306 : kivy : Window: Provider: sdl2
2022-10-01 20:13:55,456 : kivy : GL: Using the "OpenGL" graphics system
2022-10-01 20:13:55,457 : kivy : GL: GLEW initialization succeeded
2022-10-01 20:13:55,457 : kivy : GL: Backend used <glew>
2022-10-01 20:13:55,457 : kivy : GL: OpenGL version <b'4.6.0 - Build 26.20.100.7372'>
2022-10-01 20:13:55,457 : kivy : GL: OpenGL vendor <b'Intel'>
2022-10-01 20:13:55,457 : kivy : GL: OpenGL renderer <b'Intel(R) UHD Graphics'>
2022-10-01 20:13:55,458 : kivy : GL: OpenGL parsed version: 4, 6
2022-10-01 20:13:55,458 : kivy : GL: Shading version <b'4.60 - Build 26.20.100.7372'>
2022-10-01 20:13:55,458 : kivy : GL: Texture max size <16384>
2022-10-01 20:13:55,458 : kivy : GL: Texture max units <32>
2022-10-01 20:13:55,507 : kivy : Window: auto add sdl2 input provider
2022-10-01 20:13:55,508 : kivy : Window: virtual keyboard not allowed, single mode, not docked
2022-10-01 20:13:55,766 : AudioInterface : Initialized
2022-10-01 20:13:55,766 : AudioInterface : Loaded SDL 2.0.12
2022-10-01 20:13:55,766 : AudioInterface : Loaded SDL_Mixer 2.0.4
2022-10-01 20:13:55,766 : AudioInterface : Loaded GStreamer 1.18.0.0
2022-10-01 20:13:55,766 : AudioInterface : Loaded GLib 2.62.6
2022-10-01 20:13:55,766 : AudioInterface : Settings requested - rate: 44100, channels: 1, buffer: 2048 samples
2022-10-01 20:13:55,766 : AudioInterface : Settings in use - rate: 44100, channels: 1, buffer: 2048 samples (4096 bytes @ 2 bytes per sample)
2022-10-01 20:13:55,766 : SoundSystem : Setting master volume to 0.0
2022-10-01 20:13:55,766 : SoundSystem : master_volume in sound_system is deprecated and will be removed in the future.
2022-10-01 20:13:55,766 : AudioInterface : Enabling audio playback
2022-10-01 20:13:55,768 : kivy : Base: Start application main loop
2022-10-01 20:13:55,769 : EventManager : Event: ======'display_default_initialized'====== Args={}
2022-10-01 20:13:55,782 : mpfmc : Display: Setting 'default' as default display
2022-10-01 20:13:55,787 : mpfmc : ASPECT RATIO MISMATCH: The on-screen window is not the same aspect ratio as the display called 'default'. The logical display will be scaled from 800x600 to the window size 1000x800, and a black bar will make up the difference
2022-10-01 20:13:55,788 : EventManager : Event: ======'displays_initialized'====== Args={}
2022-10-01 20:13:55,789 : EventManager : Event: ======'slide_default_blank_created'====== Args={}
2022-10-01 20:13:55,789 : EventManager : Event: ======'display_default_ready'====== Args={}
2022-10-01 20:13:55,800 : EventManager : Event: ======'init_phase_1'====== Args={}
2022-10-01 20:13:55,803 : EventManager : Event: ======'mc_ready'====== Args={}
2022-10-01 20:13:55,803 : EventManager : Event: ======'init_phase_2'====== Args={}
2022-10-01 20:13:55,804 : kivy : Base: Leaving application in progress...
2022-10-01 20:13:55,804 : kivy : Exception while processing RegisteredHandler(callback=<bound method ModeController._load_modes of <mpfmc.core.mode_controller.ModeController object at 0x00000217E958C640>>, priority=1, kwargs={}, key=UUID('b25ddafe-03b8-48a0-b6c4-fa0b25cb3232'), condition=None, blocking_facility=None) for event init_phase_2. Slide lanes_top_complete_slide not found
Traceback (most recent call last):
  File "C:\Users\dorus\AppData\Local\Programs\Python\Python38\lib\site-packages\mpf\core\events.py", line 695, in _run_handlers
    result = handler.callback(**merged_kwargs)
  File "C:\Users\dorus\AppData\Local\Programs\Python\Python38\lib\site-packages\mpfmc\core\mode_controller.py", line 67, in _load_modes
    item.method(config=mode.config.get(item.config_section),
  File "C:\Users\dorus\AppData\Local\Programs\Python\Python38\lib\site-packages\mpf\core\config_player.py", line 132, in process_mode_config
    config = self.validate_config(config)
  File "C:\Users\dorus\AppData\Local\Programs\Python\Python38\lib\site-packages\mpfmc\config_players\slide_player.py", line 269, in validate_config
    self._validate_config_item(slide, slide_settings))
  File "C:\Users\dorus\AppData\Local\Programs\Python\Python38\lib\site-packages\mpfmc\config_players\slide_player.py", line 291, in _validate_config_item
    raise AssertionError("Slide {} not found".format(slide))
AssertionError: Slide lanes_top_complete_slide not found

The above exception was the direct cause of the following exception:

Traceback (most recent call last):
  File "C:\Users\dorus\AppData\Local\Programs\Python\Python38\lib\site-packages\mpfmc\commands\mc.py", line 225, in __init__
    MpfMc(options=vars(args),
  File "C:\Users\dorus\AppData\Local\Programs\Python\Python38\lib\site-packages\kivy\app.py", line 950, in run
    runTouchApp()
  File "C:\Users\dorus\AppData\Local\Programs\Python\Python38\lib\site-packages\kivy\base.py", line 582, in runTouchApp
    EventLoop.mainloop()
  File "C:\Users\dorus\AppData\Local\Programs\Python\Python38\lib\site-packages\kivy\base.py", line 347, in mainloop
    self.idle()
  File "C:\Users\dorus\AppData\Local\Programs\Python\Python38\lib\site-packages\kivy\base.py", line 387, in idle
    Clock.tick()
  File "C:\Users\dorus\AppData\Local\Programs\Python\Python38\lib\site-packages\kivy\clock.py", line 733, in tick
    self.post_idle(ts, self.idle())
  File "C:\Users\dorus\AppData\Local\Programs\Python\Python38\lib\site-packages\kivy\clock.py", line 776, in post_idle
    self._process_events()
  File "kivy\_clock.pyx", line 616, in kivy._clock.CyClockBase._process_events
  File "kivy\_clock.pyx", line 649, in kivy._clock.CyClockBase._process_events
  File "kivy\_clock.pyx", line 645, in kivy._clock.CyClockBase._process_events
  File "kivy\_clock.pyx", line 218, in kivy._clock.ClockEvent.tick
  File "C:\Users\dorus\AppData\Local\Programs\Python\Python38\lib\site-packages\mpfmc\uix\display.py", line 211, in _displays_initialized
    self.mc.displays_initialized()
  File "C:\Users\dorus\AppData\Local\Programs\Python\Python38\lib\site-packages\mpfmc\core\mc.py", line 349, in displays_initialized
    self._init()
  File "C:\Users\dorus\AppData\Local\Programs\Python\Python38\lib\site-packages\mpfmc\core\mc.py", line 394, in _init
    self.events.process_event_queue()
  File "C:\Users\dorus\AppData\Local\Programs\Python\Python38\lib\site-packages\mpf\core\events.py", line 779, in process_event_queue
    self._process_event(event=event[0],
  File "C:\Users\dorus\AppData\Local\Programs\Python\Python38\lib\site-packages\mpf\core\events.py", line 741, in _process_event
    result = self._run_handlers(event, ev_type, kwargs)
  File "C:\Users\dorus\AppData\Local\Programs\Python\Python38\lib\site-packages\mpf\core\events.py", line 697, in _run_handlers
    raise Exception("Exception while processing {} for event {}. {}".format(handler, event, e)) from e
Exception: Exception while processing RegisteredHandler(callback=<bound method ModeController._load_modes of <mpfmc.core.mode_controller.ModeController object at 0x00000217E958C640>>, priority=1, kwargs={}, key=UUID('b25ddafe-03b8-48a0-b6c4-fa0b25cb3232'), condition=None, blocking_facility=None) for event init_phase_2. Slide lanes_top_complete_slide not found
2022-10-01 20:13:55,826 : kivy : Stopping child threads... (1 remaining)
2022-10-01 20:13:56,831 : kivy : All child threads stopped.
