2022-10-22 16:13:40,611 : kivy : Factory: 186 symbols loaded
2022-10-22 16:13:40,878 : kivy : ImageLoaderFFPy: Using ffpyplayer 4.3.2
2022-10-22 16:13:40,878 : kivy : Image: Providers: img_tex, img_dds, img_sdl2, img_pil, img_ffpyplayer 
2022-10-22 16:13:40,970 : kivy : VideoGstplayer: Using Gstreamer 1.18.0.0
2022-10-22 16:13:40,970 : kivy : Video: Provider: gstplayer
2022-10-22 16:13:41,452 : kivy : Loading MPF-MC controller
2022-10-22 16:13:41,460 : YamlMultifileConfigLoader : Machine config file #1: config
2022-10-22 16:13:41,461 : ConfigProcessor : Config file in cache changed: C:\Users\dorus\OneDrive\Documents\Pinball\Github\Pinball-MPF\mpfv1\config\config
2022-10-22 16:13:41,462 : ConfigProcessor : Loading config from file C:\Users\dorus\AppData\Local\Programs\Python\Python38\lib\site-packages\mpfmc\mcconfig.yaml.
2022-10-22 16:13:41,513 : ConfigProcessor : Loading config: C:\Users\dorus\AppData\Local\Programs\Python\Python38\lib\site-packages\mpfmc\mcconfig.yaml
2022-10-22 16:13:41,514 : ConfigProcessor : Loading config from file C:\Users\dorus\OneDrive\Documents\Pinball\Github\Pinball-MPF\mpfv1\config\config.
2022-10-22 16:13:41,518 : ConfigProcessor : Loading config: C:\Users\dorus\OneDrive\Documents\Pinball\Github\Pinball-MPF\mpfv1\config\config
2022-10-22 16:13:41,572 : ConfigProcessor : Loading config: C:\Users\dorus\OneDrive\Documents\Pinball\Github\Pinball-MPF\mpfv1\config\hardware.yaml
2022-10-22 16:13:41,599 : ConfigProcessor : Loading config: C:\Users\dorus\OneDrive\Documents\Pinball\Github\Pinball-MPF\mpfv1\config\sounds.yaml
2022-10-22 16:13:41,606 : ConfigProcessor : Loading config: C:\Users\dorus\OneDrive\Documents\Pinball\Github\Pinball-MPF\mpfv1\config\display.yaml
2022-10-22 16:13:41,625 : ConfigProcessor : Loading config: C:\Users\dorus\OneDrive\Documents\Pinball\Github\Pinball-MPF\mpfv1\config\keyboard.yaml
2022-10-22 16:13:41,651 : ConfigProcessor : Loading config: C:\Users\dorus\OneDrive\Documents\Pinball\Github\Pinball-MPF\mpfv1\config\slides.yaml
2022-10-22 16:13:41,656 : ConfigProcessor : Loading config: C:\Users\dorus\OneDrive\Documents\Pinball\Github\Pinball-MPF\mpfv1\config\light_shows.yaml
2022-10-22 16:13:41,663 : ConfigProcessor : Config file cache created: C:\Users\dorus\AppData\Local\Temp\7e51f468519621fe47191f26eea0f791.mpf_cache
2022-10-22 16:13:41,664 : ConfigProcessor : Loading config from cache: C:\Users\dorus\AppData\Local\Temp\69e5e641cece6cfbb9f28306d01595e4.mpf_cache
2022-10-22 16:13:41,665 : ConfigProcessor : Loading config from cache: C:\Users\dorus\AppData\Local\Temp\336e6d2601ccb63523c70814805acbf1.mpf_cache
2022-10-22 16:13:41,666 : ConfigProcessor : Loading config from cache: C:\Users\dorus\AppData\Local\Temp\8f8558ef7eb783a34103d845cb15f27a.mpf_cache
2022-10-22 16:13:41,667 : ConfigProcessor : Loading config from cache: C:\Users\dorus\AppData\Local\Temp\3f4ec0fd6e14e835699e1ee64ae7815f.mpf_cache
2022-10-22 16:13:41,667 : ConfigProcessor : Loading config from cache: C:\Users\dorus\AppData\Local\Temp\07450fdcdb716b1c510f1f1f728b03da.mpf_cache
2022-10-22 16:13:41,668 : mpfmc : Mission Pinball Framework Media Controller v0.55.0
2022-10-22 16:13:41,668 : mpfmc : Mission Pinball Framework Game Engine v0.55.0
2022-10-22 16:13:41,668 : mpfmc : Machine path: C:\Users\dorus\OneDrive\Documents\Pinball\Github\Pinball-MPF\mpfv1
2022-10-22 16:13:41,668 : mpfmc : Starting clock at 60.0Hz
2022-10-22 16:13:41,687 : kivy : Text: Provider: sdl2
2022-10-22 16:13:41,778 : kivy : Window: Provider: sdl2
2022-10-22 16:13:41,963 : kivy : GL: Using the "OpenGL" graphics system
2022-10-22 16:13:41,965 : kivy : GL: GLEW initialization succeeded
2022-10-22 16:13:41,966 : kivy : GL: Backend used <glew>
2022-10-22 16:13:41,967 : kivy : GL: OpenGL version <b'4.6.0 - Build 26.20.100.7372'>
2022-10-22 16:13:41,967 : kivy : GL: OpenGL vendor <b'Intel'>
2022-10-22 16:13:41,968 : kivy : GL: OpenGL renderer <b'Intel(R) UHD Graphics'>
2022-10-22 16:13:41,968 : kivy : GL: OpenGL parsed version: 4, 6
2022-10-22 16:13:41,968 : kivy : GL: Shading version <b'4.60 - Build 26.20.100.7372'>
2022-10-22 16:13:41,969 : kivy : GL: Texture max size <16384>
2022-10-22 16:13:41,970 : kivy : GL: Texture max units <32>
2022-10-22 16:13:42,041 : kivy : Window: auto add sdl2 input provider
2022-10-22 16:13:42,042 : kivy : Window: virtual keyboard not allowed, single mode, not docked
2022-10-22 16:13:42,373 : AudioInterface : Initialized
2022-10-22 16:13:42,373 : AudioInterface : Loaded SDL 2.0.12
2022-10-22 16:13:42,373 : AudioInterface : Loaded SDL_Mixer 2.0.4
2022-10-22 16:13:42,373 : AudioInterface : Loaded GStreamer 1.18.0.0
2022-10-22 16:13:42,373 : AudioInterface : Loaded GLib 2.62.6
2022-10-22 16:13:42,373 : AudioInterface : Settings requested - rate: 44100, channels: 1, buffer: 2048 samples
2022-10-22 16:13:42,373 : AudioInterface : Settings in use - rate: 44100, channels: 1, buffer: 2048 samples (4096 bytes @ 2 bytes per sample)
2022-10-22 16:13:42,374 : SoundSystem : Setting master volume to 0.0
2022-10-22 16:13:42,374 : SoundSystem : master_volume in sound_system is deprecated and will be removed in the future.
2022-10-22 16:13:42,374 : AudioInterface : Enabling audio playback
2022-10-22 16:13:42,376 : kivy : Base: Start application main loop
2022-10-22 16:13:42,376 : EventManager : Event: ======'display_default_initialized'====== Args={}
2022-10-22 16:13:42,395 : mpfmc : Display: Setting 'default' as default display
2022-10-22 16:13:42,402 : mpfmc : ASPECT RATIO MISMATCH: The on-screen window is not the same aspect ratio as the display called 'default'. The logical display will be scaled from 800x600 to the window size 1000x800, and a black bar will make up the difference
2022-10-22 16:13:42,404 : EventManager : Event: ======'displays_initialized'====== Args={}
2022-10-22 16:13:42,405 : EventManager : Event: ======'slide_default_blank_created'====== Args={}
2022-10-22 16:13:42,406 : EventManager : Event: ======'display_default_ready'====== Args={}
2022-10-22 16:13:42,418 : EventManager : Event: ======'init_phase_1'====== Args={}
2022-10-22 16:13:42,422 : EventManager : Event: ======'mc_ready'====== Args={}
2022-10-22 16:13:42,422 : EventManager : Event: ======'init_phase_2'====== Args={}
2022-10-22 16:13:42,424 : EventManager : Event: ======'init_phase_3'====== Args={}
2022-10-22 16:13:42,427 : EventManager : Event: ======'init_phase_4'====== Args={}
2022-10-22 16:13:42,427 : EventManager : Event: ======'init_phase_5'====== Args={}
2022-10-22 16:13:42,428 : EventManager : Event: ======'init_done'====== Args={}
2022-10-22 16:13:42,428 : MPF-MC BCP Server : Starting up on localhost port 5050
2022-10-22 16:13:42,433 : MPF-MC BCP Server : Waiting for a connection...
2022-10-22 16:13:42,433 : mpfmc : SlidePlayer: Play called with settings={'slides': {welcome_slide-None-None: {'priority': None, 'target': None, 'background_color': [0.0, 0.0, 0.0, 1.0], 'show': True, 'force': False, 'expire': None, 'slide': None, 'tokens': {}, 'action': 'play', 'transition': None, 'transition_out': None}}}
2022-10-22 16:13:42,437 : kivy : Base: Leaving application in progress...
2022-10-22 16:13:42,437 : kivy : Exception while processing RegisteredHandler(callback=<bound method ConfigPlayer.config_play_callback of McConfigPlayer.slides>, priority=0, kwargs={'calling_context': 'init_done', 'mode': None, 'settings': {'slides': {welcome_slide-None-None: {'priority': None, 'target': None, 'background_color': [0.0, 0.0, 0.0, 1.0], 'show': True, 'force': False, 'expire': None, 'slide': None, 'tokens': {}, 'action': 'play', 'transition': None, 'transition_out': None}}}}, key=UUID('b9e16948-fd36-4890-8c91-ad384642e1c5'), condition=None, blocking_facility=None) for event init_done. Label: File 'MyFont-Regular.ttf' not found
Traceback (most recent call last):
  File "C:\Users\dorus\AppData\Local\Programs\Python\Python38\lib\site-packages\mpf\core\events.py", line 695, in _run_handlers
    result = handler.callback(**merged_kwargs)
  File "C:\Users\dorus\AppData\Local\Programs\Python\Python38\lib\site-packages\mpf\core\config_player.py", line 328, in config_play_callback
    return self.play(settings=settings, context=context, calling_context=calling_context, priority=priority,
  File "C:\Users\dorus\AppData\Local\Programs\Python\Python38\lib\site-packages\mpfmc\config_players\slide_player.py", line 155, in play
    target.show_slide(slide_name=slide, key=full_context, play_kwargs=s['tokens'], **s)
  File "C:\Users\dorus\AppData\Local\Programs\Python\Python38\lib\site-packages\mpfmc\uix\display.py", line 358, in show_slide
    slide = self.add_slide(name=slide_name,
  File "C:\Users\dorus\AppData\Local\Programs\Python\Python38\lib\site-packages\mpfmc\uix\display.py", line 316, in add_slide
    return Slide(mc=self.mc, name=name, target=self.name,
  File "C:\Users\dorus\AppData\Local\Programs\Python\Python38\lib\site-packages\mpfmc\uix\slide.py", line 68, in __init__
    widgets = create_widget_objects_from_config(
  File "C:\Users\dorus\AppData\Local\Programs\Python\Python38\lib\site-packages\mpfmc\uix\widget.py", line 901, in create_widget_objects_from_config
    widget_obj = mc.widgets.type_map[widget['type']](
  File "C:\Users\dorus\AppData\Local\Programs\Python\Python38\lib\site-packages\mpfmc\widgets\text.py", line 96, in __init__
    self._process_text(self.original_text)
  File "C:\Users\dorus\AppData\Local\Programs\Python\Python38\lib\site-packages\mpfmc\widgets\text.py", line 204, in _process_text
    self.update_vars_in_text(text)
  File "C:\Users\dorus\AppData\Local\Programs\Python\Python38\lib\site-packages\mpfmc\widgets\text.py", line 243, in update_vars_in_text
    self.update_text(text)
  File "C:\Users\dorus\AppData\Local\Programs\Python\Python38\lib\site-packages\mpfmc\widgets\text.py", line 264, in update_text
    self._label.texture_update()
  File "C:\Users\dorus\AppData\Local\Programs\Python\Python38\lib\site-packages\kivy\uix\label.py", line 413, in texture_update
    self._label.refresh()
  File "C:\Users\dorus\AppData\Local\Programs\Python\Python38\lib\site-packages\kivy\core\text\__init__.py", line 759, in refresh
    self.resolve_font_name()
  File "C:\Users\dorus\AppData\Local\Programs\Python\Python38\lib\site-packages\kivy\core\text\__init__.py", line 356, in resolve_font_name
    raise IOError('Label: File %r not found' % fontname)
OSError: Label: File 'MyFont-Regular.ttf' not found

The above exception was the direct cause of the following exception:

Traceback (most recent call last):
  File "C:\Users\dorus\AppData\Local\Programs\Python\Python38\lib\site-packages\mpfmc\commands\mc.py", line 225, in __init__
    MpfMc(options=vars(args),
  File "C:\Users\dorus\AppData\Local\Programs\Python\Python38\lib\site-packages\kivy\app.py", line 950, in run
    runTouchApp()
  File "C:\Users\dorus\AppData\Local\Programs\Python\Python38\lib\site-packages\kivy\base.py", line 582, in runTouchApp
    EventLoop.mainloop()
  File "C:\Users\dorus\AppData\Local\Programs\Python\Python38\lib\site-packages\kivy\base.py", line 347, in mainloop
    self.idle()
  File "C:\Users\dorus\AppData\Local\Programs\Python\Python38\lib\site-packages\kivy\base.py", line 387, in idle
    Clock.tick()
  File "C:\Users\dorus\AppData\Local\Programs\Python\Python38\lib\site-packages\kivy\clock.py", line 733, in tick
    self.post_idle(ts, self.idle())
  File "C:\Users\dorus\AppData\Local\Programs\Python\Python38\lib\site-packages\kivy\clock.py", line 776, in post_idle
    self._process_events()
  File "kivy\_clock.pyx", line 616, in kivy._clock.CyClockBase._process_events
  File "kivy\_clock.pyx", line 649, in kivy._clock.CyClockBase._process_events
  File "kivy\_clock.pyx", line 645, in kivy._clock.CyClockBase._process_events
  File "kivy\_clock.pyx", line 218, in kivy._clock.ClockEvent.tick
  File "C:\Users\dorus\AppData\Local\Programs\Python\Python38\lib\site-packages\mpfmc\uix\display.py", line 211, in _displays_initialized
    self.mc.displays_initialized()
  File "C:\Users\dorus\AppData\Local\Programs\Python\Python38\lib\site-packages\mpfmc\core\mc.py", line 349, in displays_initialized
    self._init()
  File "C:\Users\dorus\AppData\Local\Programs\Python\Python38\lib\site-packages\mpfmc\core\mc.py", line 405, in _init
    self.clear_boot_hold('init')
  File "C:\Users\dorus\AppData\Local\Programs\Python\Python38\lib\site-packages\mpfmc\core\mc.py", line 311, in clear_boot_hold
    self.init_done()
  File "C:\Users\dorus\AppData\Local\Programs\Python\Python38\lib\site-packages\mpfmc\core\mc.py", line 416, in init_done
    self.events.process_event_queue()
  File "C:\Users\dorus\AppData\Local\Programs\Python\Python38\lib\site-packages\mpf\core\events.py", line 779, in process_event_queue
    self._process_event(event=event[0],
  File "C:\Users\dorus\AppData\Local\Programs\Python\Python38\lib\site-packages\mpf\core\events.py", line 741, in _process_event
    result = self._run_handlers(event, ev_type, kwargs)
  File "C:\Users\dorus\AppData\Local\Programs\Python\Python38\lib\site-packages\mpf\core\events.py", line 697, in _run_handlers
    raise Exception("Exception while processing {} for event {}. {}".format(handler, event, e)) from e
Exception: Exception while processing RegisteredHandler(callback=<bound method ConfigPlayer.config_play_callback of McConfigPlayer.slides>, priority=0, kwargs={'calling_context': 'init_done', 'mode': None, 'settings': {'slides': {welcome_slide-None-None: {'priority': None, 'target': None, 'background_color': [0.0, 0.0, 0.0, 1.0], 'show': True, 'force': False, 'expire': None, 'slide': None, 'tokens': {}, 'action': 'play', 'transition': None, 'transition_out': None}}}}, key=UUID('b9e16948-fd36-4890-8c91-ad384642e1c5'), condition=None, blocking_facility=None) for event init_done. Label: File 'MyFont-Regular.ttf' not found
2022-10-22 16:13:42,441 : kivy : Stopping child threads... (3 remaining)
2022-10-22 16:13:42,784 : MPF-MC BCP Server : Received connection from: 127.0.0.1:63752
2022-10-22 16:13:42,784 : mpfmc : Stopping...
2022-10-22 16:13:42,784 : EventManager : Event: ======'shutdown'====== Args={}
2022-10-22 16:13:42,785 : AudioInterface : Disabling audio playback
2022-10-22 16:13:42,923 : mpfmc : Loop rate 3.65 Hz
2022-10-22 16:13:43,433 : MPF-MC BCP Server : Stopping BCP sending thread
2022-10-22 16:13:43,527 : kivy : All child threads stopped.
