2022-10-23 18:20:01,293 : INFO : root : Loading config.
2022-10-23 18:20:01,297 : INFO : YamlMultifileConfigLoader : Machine config file #1: config.yaml
2022-10-23 18:20:01,297 : INFO : ConfigProcessor : Loading config from cache: C:\Users\dorus\AppData\Local\Temp\e2a46ea082c19f5103dd0f83869ccd8e.mpf_cache
2022-10-23 18:20:01,400 : WARNING : ConfigProcessor : Config file in cache changed: C:\Users\dorus\OneDrive\Documents\Pinball\Github\Pinball-MPF\mpfv1\modes\attract\config\attract.yaml
2022-10-23 18:20:01,401 : INFO : ConfigProcessor : Loading config from file C:\Users\dorus\AppData\Local\Programs\Python\Python38\lib\site-packages\mpf\modes\attract\config\attract.yaml.
2022-10-23 18:20:01,402 : INFO : ConfigProcessor : Loading config: C:\Users\dorus\AppData\Local\Programs\Python\Python38\lib\site-packages\mpf\modes\attract\config\attract.yaml
2022-10-23 18:20:01,402 : INFO : ConfigProcessor : Loading config from file C:\Users\dorus\OneDrive\Documents\Pinball\Github\Pinball-MPF\mpfv1\modes\attract\config\attract.yaml.
2022-10-23 18:20:01,404 : INFO : ConfigProcessor : Loading config: C:\Users\dorus\OneDrive\Documents\Pinball\Github\Pinball-MPF\mpfv1\modes\attract\config\attract.yaml
2022-10-23 18:20:01,404 : INFO : ConfigProcessor : Config file cache created: C:\Users\dorus\AppData\Local\Temp\69e5e641cece6cfbb9f28306d01595e4.mpf_cache
2022-10-23 18:20:01,405 : INFO : ConfigProcessor : Loading config from cache: C:\Users\dorus\AppData\Local\Temp\336e6d2601ccb63523c70814805acbf1.mpf_cache
2022-10-23 18:20:01,406 : INFO : ConfigProcessor : Loading config from cache: C:\Users\dorus\AppData\Local\Temp\8f8558ef7eb783a34103d845cb15f27a.mpf_cache
2022-10-23 18:20:01,407 : INFO : ConfigProcessor : Loading config from cache: C:\Users\dorus\AppData\Local\Temp\3f4ec0fd6e14e835699e1ee64ae7815f.mpf_cache
2022-10-23 18:20:01,408 : INFO : ConfigProcessor : Loading config from cache: C:\Users\dorus\AppData\Local\Temp\07450fdcdb716b1c510f1f1f728b03da.mpf_cache
2022-10-23 18:20:01,409 : INFO : ConfigProcessor : Loading config from cache: C:\Users\dorus\AppData\Local\Temp\26dc7d91d16a8c3848757fce5df95f92.mpf_cache
2022-10-23 18:20:01,410 : INFO : ConfigProcessor : Loading config from cache: C:\Users\dorus\AppData\Local\Temp\e142fb215d63411261522b102b5844f9.mpf_cache
2022-10-23 18:20:01,410 : INFO : Machine : Mission Pinball Framework Core Engine v0.55.0
2022-10-23 18:20:01,410 : INFO : Machine : Command line arguments: {'no_load_cache': False, 'create_config_cache': True, 'bcp': True, 'configfile': ['config.yaml'], 'force_assets_load': False, 'jsonlogging': False, 'logfile': 'logs\\2022-10-23-18-20-01-mpf-LAPTOP-AS8QDAQG.log', 'pause': False, 'production': False, 'text_ui': True, 'loglevel': 15, 'consoleloglevel': 20, 'force_platform': 'smart_virtual', 'syslog_address': None, 'mc_file_name': None, 'no_sound': False}
2022-10-23 18:20:01,411 : INFO : Machine : MPF path: C:\Users\dorus\AppData\Local\Programs\Python\Python38\lib\site-packages\mpf
2022-10-23 18:20:01,411 : INFO : Machine : Machine path: C:\Users\dorus\OneDrive\Documents\Pinball\Github\Pinball-MPF\mpfv1
2022-10-23 18:20:01,411 : INFO : Machine : Platform: win32
2022-10-23 18:20:01,411 : INFO : Machine : Python executable location: C:\Users\dorus\AppData\Local\Programs\Python\Python38\python.exe
2022-10-23 18:20:01,411 : INFO : Machine : Python version: 3.8.10 (64-bit)
2022-10-23 18:20:01,413 : INFO : Machine : Initialise MPF.
2022-10-23 18:20:01,566 : INFO : EventManager : Event: ======'machine_var_credits_string'====== Args={'value': 'FREE PLAY', 'prev_value': None, 'change': True}
2022-10-23 18:20:01,610 : INFO : EventManager : Event: ======'machine_var_master_volume'====== Args={'value': 0.5, 'prev_value': None, 'change': True}
2022-10-23 18:20:01,611 : INFO : EventManager : Event: ======'machine_var_player1_score'====== Args={'value': 3000, 'prev_value': None, 'change': True}
2022-10-23 18:20:01,611 : INFO : EventManager : Event: ======'machine_var_mpf_version'====== Args={'value': 'MPF v0.55.0', 'prev_value': None, 'change': True}
2022-10-23 18:20:01,611 : INFO : EventManager : Event: ======'machine_var_mpf_extended_version'====== Args={'value': 'MPF v0.55.0, Config version:5, Show version: 5, BCP version:1.1', 'prev_value': None, 'change': True}
2022-10-23 18:20:01,611 : INFO : EventManager : Event: ======'machine_var_python_version'====== Args={'value': '3.8.10', 'prev_value': None, 'change': True}
2022-10-23 18:20:01,621 : INFO : EventManager : Event: ======'machine_var_platform'====== Args={'value': 'Windows-10-10.0.19044-SP0', 'prev_value': None, 'change': True}
2022-10-23 18:20:01,622 : INFO : EventManager : Event: ======'machine_var_platform_system'====== Args={'value': 'Windows', 'prev_value': None, 'change': True}
2022-10-23 18:20:01,622 : INFO : EventManager : Event: ======'machine_var_platform_release'====== Args={'value': '10', 'prev_value': None, 'change': True}
2022-10-23 18:20:01,622 : INFO : EventManager : Event: ======'machine_var_platform_version'====== Args={'value': '10.0.19044', 'prev_value': None, 'change': True}
2022-10-23 18:20:01,622 : INFO : EventManager : Event: ======'machine_var_platform_machine'====== Args={'value': 'AMD64', 'prev_value': None, 'change': True}
2022-10-23 18:20:01,622 : INFO : EventManager : Event: ======'init_phase_1'====== Args={}
2022-10-23 18:20:01,641 : INFO : EventManager : Event: ======'drop_target_bank_db_dropbank_up'====== Args={}
2022-10-23 18:20:01,641 : INFO : EventManager : Event: ======'init_phase_2'====== Args={}
2022-10-23 18:20:01,642 : INFO : SwitchController : Found active switch: ('2-0-19', <Platform.SmartVirtual>) <switch.s_trough1>
2022-10-23 18:20:01,642 : INFO : SwitchController : Found active switch: ('2-0-20', <Platform.SmartVirtual>) <switch.s_trough2>
2022-10-23 18:20:01,642 : INFO : SwitchController : Found active switch: ('2-0-21', <Platform.SmartVirtual>) <switch.s_trough3>
2022-10-23 18:20:01,642 : INFO : SwitchController : Found active switch: ('2-0-22', <Platform.SmartVirtual>) <switch.s_trough4>
2022-10-23 18:20:01,645 : INFO : EventManager : Event: ======'bcp_connection_attempt'====== Args={'name': 'local_display', 'host': 'localhost', 'port': 5050}
2022-10-23 18:20:01,647 : INFO : BCPClientSocket : Connecting BCP to 'local_display' at localhost:5050...
2022-10-23 18:20:03,684 : INFO : BCPClientSocket : Connected BCP to 'local_display' localhost:5050
2022-10-23 18:20:03,685 : INFO : EventManager : Event: ======'bcp_clients_connected'====== Args={}
2022-10-23 18:20:03,695 : INFO : ball_device.bd_trough : BCH: Initial count: 4
2022-10-23 18:20:03,696 : INFO : EventManager : Event: ======'machine_var_mc_version'====== Args={'value': 'MPF-MC v0.55.0', 'prev_value': None, 'change': True}
2022-10-23 18:20:03,697 : INFO : EventManager : Event: ======'machine_var_mc_extended_version'====== Args={'value': 'MPF-MC v0.55.0 (config_version=5, BCP v1.1, Requires MPF v0.55.0-dev.49)', 'prev_value': None, 'change': True}
2022-10-23 18:20:03,700 : INFO : ball_device.bd_trough : State: idle
2022-10-23 18:20:03,719 : INFO : ball_device.bd_plunger : BCH: Initial count: 0
2022-10-23 18:20:03,719 : INFO : ball_device.bd_plunger : State: idle
2022-10-23 18:20:03,719 : INFO : ball_device.bd_vukmid : BCH: Initial count: 0
2022-10-23 18:20:03,719 : INFO : ball_device.bd_vukmid : State: idle
2022-10-23 18:20:03,720 : INFO : ball_device.bd_vuktop : BCH: Initial count: 0
2022-10-23 18:20:03,720 : INFO : ball_device.bd_vuktop : State: idle
2022-10-23 18:20:03,802 : INFO : EventManager : Event: ======'init_phase_3'====== Args={}
2022-10-23 18:20:03,805 : INFO : EventManager : Event: ======'init_phase_4'====== Args={}
2022-10-23 18:20:03,805 : INFO : EventManager : Event: ======'playfield_active'====== Args={}
2022-10-23 18:20:03,805 : INFO : EventManager : Event: ======'unexpected_ball_on_playfield'====== Args={}
2022-10-23 18:20:03,806 : INFO : EventManager : Event: ======'playfield_active'====== Args={}
2022-10-23 18:20:03,806 : INFO : EventManager : Event: ======'unexpected_ball_on_playfield'====== Args={}
2022-10-23 18:20:03,806 : INFO : EventManager : Event: ======'playfield_active'====== Args={}
2022-10-23 18:20:03,806 : INFO : EventManager : Event: ======'unexpected_ball_on_playfield'====== Args={}
2022-10-23 18:20:03,806 : INFO : BallController : Initial balls found: 4
2022-10-23 18:20:03,808 : INFO : EventManager : Event: ======'machine_var_audits_events_game_ended'====== Args={'value': 0, 'prev_value': None, 'change': True}
2022-10-23 18:20:03,808 : INFO : EventManager : Event: ======'machine_var_audits_events_game_started'====== Args={'value': 0, 'prev_value': None, 'change': True}
2022-10-23 18:20:03,808 : INFO : EventManager : Event: ======'machine_var_audits_player_score'====== Args={'value': {'average': 29309.090909090908, 'top': [106800, 41000, 33100, 31800, 31200, 27600, 20200, 17500, 10200, 3000], 'total': 11}, 'prev_value': None, 'change': True}
2022-10-23 18:20:03,808 : INFO : EventManager : Event: ======'machine_var_audits_shots_lane_bottom_1'====== Args={'value': 15, 'prev_value': None, 'change': True}
2022-10-23 18:20:03,809 : INFO : EventManager : Event: ======'machine_var_audits_shots_lane_bottom_2'====== Args={'value': 15, 'prev_value': None, 'change': True}
2022-10-23 18:20:03,809 : INFO : EventManager : Event: ======'machine_var_audits_shots_lane_bottom_3'====== Args={'value': 16, 'prev_value': None, 'change': True}
2022-10-23 18:20:03,809 : INFO : EventManager : Event: ======'machine_var_audits_shots_lane_bottom_4'====== Args={'value': 15, 'prev_value': None, 'change': True}
2022-10-23 18:20:03,809 : INFO : EventManager : Event: ======'machine_var_audits_shots_lane_bottom_5'====== Args={'value': 14, 'prev_value': None, 'change': True}
2022-10-23 18:20:03,809 : INFO : EventManager : Event: ======'machine_var_audits_shots_lane_top_1'====== Args={'value': 164, 'prev_value': None, 'change': True}
2022-10-23 18:20:03,809 : INFO : EventManager : Event: ======'machine_var_audits_shots_lane_top_2'====== Args={'value': 150, 'prev_value': None, 'change': True}
2022-10-23 18:20:03,809 : INFO : EventManager : Event: ======'machine_var_audits_shots_lane_top_3'====== Args={'value': 129, 'prev_value': None, 'change': True}
2022-10-23 18:20:03,809 : INFO : EventManager : Event: ======'machine_var_audits_shots_orbit'====== Args={'value': 23, 'prev_value': None, 'change': True}
2022-10-23 18:20:03,810 : INFO : EventManager : Event: ======'machine_var_audits_shots_spinner'====== Args={'value': 178, 'prev_value': None, 'change': True}
2022-10-23 18:20:03,810 : INFO : EventManager : Event: ======'machine_var_audits_switches_s_bottomlane1'====== Args={'value': 30, 'prev_value': None, 'change': True}
2022-10-23 18:20:03,810 : INFO : EventManager : Event: ======'machine_var_audits_switches_s_bottomlane2'====== Args={'value': 43, 'prev_value': None, 'change': True}
2022-10-23 18:20:03,810 : INFO : EventManager : Event: ======'machine_var_audits_switches_s_bottomlane3'====== Args={'value': 165, 'prev_value': None, 'change': True}
2022-10-23 18:20:03,810 : INFO : EventManager : Event: ======'machine_var_audits_switches_s_bottomlane4'====== Args={'value': 49, 'prev_value': None, 'change': True}
2022-10-23 18:20:03,810 : INFO : EventManager : Event: ======'machine_var_audits_switches_s_bottomlane5'====== Args={'value': 27, 'prev_value': None, 'change': True}
2022-10-23 18:20:03,810 : INFO : EventManager : Event: ======'machine_var_audits_switches_s_drop1'====== Args={'value': 35, 'prev_value': None, 'change': True}
2022-10-23 18:20:03,810 : INFO : EventManager : Event: ======'machine_var_audits_switches_s_drop2'====== Args={'value': 17, 'prev_value': None, 'change': True}
2022-10-23 18:20:03,811 : INFO : EventManager : Event: ======'machine_var_audits_switches_s_drop3'====== Args={'value': 15, 'prev_value': None, 'change': True}
2022-10-23 18:20:03,811 : INFO : EventManager : Event: ======'machine_var_audits_switches_s_launch'====== Args={'value': 11, 'prev_value': None, 'change': True}
2022-10-23 18:20:03,811 : INFO : EventManager : Event: ======'machine_var_audits_switches_s_left01'====== Args={'value': 27, 'prev_value': None, 'change': True}
2022-10-23 18:20:03,811 : INFO : EventManager : Event: ======'machine_var_audits_switches_s_left02'====== Args={'value': 28, 'prev_value': None, 'change': True}
2022-10-23 18:20:03,811 : INFO : EventManager : Event: ======'machine_var_audits_switches_s_left03'====== Args={'value': 21, 'prev_value': None, 'change': True}
2022-10-23 18:20:03,811 : INFO : EventManager : Event: ======'machine_var_audits_switches_s_left_sling'====== Args={'value': 62, 'prev_value': None, 'change': True}
2022-10-23 18:20:03,811 : INFO : EventManager : Event: ======'machine_var_audits_switches_s_orbit1'====== Args={'value': 45, 'prev_value': None, 'change': True}
2022-10-23 18:20:03,811 : INFO : EventManager : Event: ======'machine_var_audits_switches_s_orbit2'====== Args={'value': 0, 'prev_value': None, 'change': True}
2022-10-23 18:20:03,811 : INFO : EventManager : Event: ======'machine_var_audits_switches_s_plunger_lane'====== Args={'value': 138, 'prev_value': None, 'change': True}
2022-10-23 18:20:03,813 : INFO : EventManager : Event: ======'machine_var_audits_switches_s_popbumber_1'====== Args={'value': 68, 'prev_value': None, 'change': True}
2022-10-23 18:20:03,813 : INFO : EventManager : Event: ======'machine_var_audits_switches_s_popbumber_2'====== Args={'value': 110, 'prev_value': None, 'change': True}
2022-10-23 18:20:03,813 : INFO : EventManager : Event: ======'machine_var_audits_switches_s_popbumber_3'====== Args={'value': 60, 'prev_value': None, 'change': True}
2022-10-23 18:20:03,813 : INFO : EventManager : Event: ======'machine_var_audits_switches_s_ramp'====== Args={'value': 38, 'prev_value': None, 'change': True}
2022-10-23 18:20:03,813 : INFO : EventManager : Event: ======'machine_var_audits_switches_s_right_sling'====== Args={'value': 120, 'prev_value': None, 'change': True}
2022-10-23 18:20:03,813 : INFO : EventManager : Event: ======'machine_var_audits_switches_s_rigth01'====== Args={'value': 59, 'prev_value': None, 'change': True}
2022-10-23 18:20:03,813 : INFO : EventManager : Event: ======'machine_var_audits_switches_s_rigth02'====== Args={'value': 24, 'prev_value': None, 'change': True}
2022-10-23 18:20:03,813 : INFO : EventManager : Event: ======'machine_var_audits_switches_s_rigth03'====== Args={'value': 15, 'prev_value': None, 'change': True}
2022-10-23 18:20:03,814 : INFO : EventManager : Event: ======'machine_var_audits_switches_s_spinner'====== Args={'value': 271, 'prev_value': None, 'change': True}
2022-10-23 18:20:03,814 : INFO : EventManager : Event: ======'machine_var_audits_switches_s_start'====== Args={'value': 4, 'prev_value': None, 'change': True}
2022-10-23 18:20:03,814 : INFO : EventManager : Event: ======'machine_var_audits_switches_s_top'====== Args={'value': 11, 'prev_value': None, 'change': True}
2022-10-23 18:20:03,814 : INFO : EventManager : Event: ======'machine_var_audits_switches_s_toplane1'====== Args={'value': 251, 'prev_value': None, 'change': True}
2022-10-23 18:20:03,815 : INFO : EventManager : Event: ======'machine_var_audits_switches_s_toplane2'====== Args={'value': 157, 'prev_value': None, 'change': True}
2022-10-23 18:20:03,815 : INFO : EventManager : Event: ======'machine_var_audits_switches_s_toplane3'====== Args={'value': 136, 'prev_value': None, 'change': True}
2022-10-23 18:20:03,815 : INFO : EventManager : Event: ======'machine_var_audits_switches_s_trough1'====== Args={'value': 38, 'prev_value': None, 'change': True}
2022-10-23 18:20:03,815 : INFO : EventManager : Event: ======'machine_var_audits_switches_s_trough2'====== Args={'value': 37, 'prev_value': None, 'change': True}
2022-10-23 18:20:03,816 : INFO : EventManager : Event: ======'machine_var_audits_switches_s_trough3'====== Args={'value': 27, 'prev_value': None, 'change': True}
2022-10-23 18:20:03,816 : INFO : EventManager : Event: ======'machine_var_audits_switches_s_trough4'====== Args={'value': 40, 'prev_value': None, 'change': True}
2022-10-23 18:20:03,816 : INFO : EventManager : Event: ======'machine_var_audits_switches_s_trough5'====== Args={'value': 29, 'prev_value': None, 'change': True}
2022-10-23 18:20:03,816 : INFO : EventManager : Event: ======'machine_var_audits_switches_s_trough6'====== Args={'value': 24, 'prev_value': None, 'change': True}
2022-10-23 18:20:03,817 : INFO : EventManager : Event: ======'machine_var_audits_switches_s_trough_jam'====== Args={'value': 27, 'prev_value': None, 'change': True}
2022-10-23 18:20:03,817 : INFO : EventManager : Event: ======'machine_var_audits_switches_s_vukmid'====== Args={'value': 47, 'prev_value': None, 'change': True}
2022-10-23 18:20:03,817 : INFO : EventManager : Event: ======'machine_var_audits_switches_s_vuktop'====== Args={'value': 15, 'prev_value': None, 'change': True}
2022-10-23 18:20:03,818 : INFO : EventManager : Event: ======'init_phase_5'====== Args={}
2022-10-23 18:20:03,831 : INFO : EventManager : Event: ======'init_done'====== Args={}
2022-10-23 18:20:03,831 : INFO : EventManager : Event: ======'machine_reset_phase_1'====== Args={}
2022-10-23 18:20:03,843 : INFO : EventManager : Event: ======'machine_reset_phase_2'====== Args={}
2022-10-23 18:20:03,843 : INFO : EventManager : Event: ======'machine_reset_phase_3'====== Args={}
2022-10-23 18:20:03,843 : INFO : drop_target_bank.db_dropbank : All targets are already up. Will not reset bank.
2022-10-23 18:20:03,843 : INFO : EventManager : Event: ======'reset_complete'====== Args={}
2022-10-23 18:20:03,843 : INFO : EventManager : Event: ======'mode_attract_will_start'====== Args={}
2022-10-23 18:20:03,844 : INFO : EventManager : Event: ======'mode_attract_starting'====== Args={}
2022-10-23 18:20:03,844 : INFO : Mode.attract : Started. Priority: 10
2022-10-23 18:20:03,844 : INFO : EventManager : Event: ======'modes_active_modes_changed'====== Args={}
2022-10-23 18:20:03,844 : INFO : EventManager : Event: ======'mode_attract_started'====== Args={}
2022-10-23 18:20:03,846 : INFO : EventManager : Event: ======'collecting_balls_complete'====== Args={}
2022-10-23 18:20:03,859 : INFO : Machine : Starting the main run loop.
2022-10-23 18:20:03,862 : INFO : EventManager : Event: ======'slide_layout_main_created'====== Args={'_from_bcp': True}
2022-10-23 18:20:03,867 : INFO : EventManager : Event: ======'slide_empty_slide_created'====== Args={'_from_bcp': True}
2022-10-23 18:20:03,870 : INFO : EventManager : Event: ======'slide_empty_slide_created'====== Args={'_from_bcp': True}
2022-10-23 18:20:03,873 : INFO : EventManager : Event: ======'slide_empty_slide_created'====== Args={'_from_bcp': True}
2022-10-23 18:20:03,877 : INFO : EventManager : Event: ======'slide_press_start_created'====== Args={'_from_bcp': True}
2022-10-23 18:20:03,881 : INFO : EventManager : Event: ======'slide_empty_slide_created'====== Args={'_from_bcp': True}
2022-10-23 18:20:03,885 : INFO : EventManager : Event: ======'slide_Title_slide_created'====== Args={'_from_bcp': True}
2022-10-23 18:20:03,888 : INFO : EventManager : Event: ======'slide_empty_slide_created'====== Args={'_from_bcp': True}
2022-10-23 18:20:03,897 : INFO : EventManager : Event: ======'slide_layout_main_active'====== Args={'_from_bcp': True}
2022-10-23 18:20:03,920 : INFO : EventManager : Event: ======'slide_empty_slide_active'====== Args={'_from_bcp': True}
2022-10-23 18:20:03,921 : INFO : EventManager : Event: ======'slide_empty_slide_active'====== Args={'_from_bcp': True}
2022-10-23 18:20:03,921 : INFO : EventManager : Event: ======'slide_empty_slide_active'====== Args={'_from_bcp': True}
2022-10-23 18:20:03,923 : INFO : EventManager : Event: ======'slide_press_start_active'====== Args={'_from_bcp': True}
2022-10-23 18:20:03,924 : INFO : EventManager : Event: ======'slide_empty_slide_active'====== Args={'_from_bcp': True}
2022-10-23 18:20:03,925 : INFO : EventManager : Event: ======'slide_Title_slide_active'====== Args={'_from_bcp': True}
2022-10-23 18:20:03,926 : INFO : EventManager : Event: ======'slide_empty_slide_active'====== Args={'_from_bcp': True}
2022-10-23 18:20:04,076 : INFO : BcpServer : New client connected.
2022-10-23 18:20:35,066 : INFO : SwitchController : <<<<<<< 's_start' active >>>>>>>
2022-10-23 18:20:35,184 : INFO : SwitchController : <<<<<<< 's_start' inactive >>>>>>>
2022-10-23 18:20:35,185 : INFO : EventManager : Event: ======'request_to_start_game'====== Args={}
2022-10-23 18:20:35,187 : INFO : EventManager : Event: ======'game_start'====== Args={'buttons': [], 'hold_time': 0.11000000000058208}
2022-10-23 18:20:35,187 : INFO : EventManager : Event: ======'mode_game_will_start'====== Args={'buttons': [], 'hold_time': 0.11000000000058208}
2022-10-23 18:20:35,189 : INFO : EventManager : Event: ======'mode_game_starting'====== Args={'buttons': [], 'hold_time': 0.11000000000058208}
2022-10-23 18:20:35,190 : INFO : EventManager : Event: ======'mode_attract_will_stop'====== Args={}
2022-10-23 18:20:35,190 : INFO : EventManager : Event: ======'mode_attract_stopping'====== Args={}
2022-10-23 18:20:35,190 : INFO : Mode.attract : Stopped.
2022-10-23 18:20:35,190 : INFO : EventManager : Event: ======'modes_active_modes_changed'====== Args={}
2022-10-23 18:20:35,192 : INFO : EventManager : Event: ======'mode_attract_stopped'====== Args={}
2022-10-23 18:20:35,193 : INFO : EventManager : Event: ======'clear'====== Args={'key': 'attract'}
2022-10-23 18:20:35,194 : INFO : Mode.game : Started. Priority: 20
2022-10-23 18:20:35,194 : INFO : EventManager : Event: ======'modes_active_modes_changed'====== Args={}
2022-10-23 18:20:35,195 : INFO : EventManager : Event: ======'mode_game_started'====== Args={'buttons': [], 'hold_time': 0.11000000000058208}
2022-10-23 18:20:35,200 : INFO : EventManager : Event: ======'game_will_start'====== Args={}
2022-10-23 18:20:35,201 : INFO : EventManager : Event: ======'game_starting'====== Args={'game': <Mode.game>}
2022-10-23 18:20:35,201 : INFO : EventManager : Event: ======'player_add_request'====== Args={}
2022-10-23 18:20:35,201 : INFO : EventManager : Event: ======'player_will_add'====== Args={'number': 1}
2022-10-23 18:20:35,202 : INFO : EventManager : Event: ======'player_adding'====== Args={'player': <Player 1>, 'number': 1}
2022-10-23 18:20:35,202 : INFO : EventManager : Event: ======'player_added'====== Args={'player': <Player 1>, 'num': 1}
2022-10-23 18:20:35,203 : INFO : Mode.game : Player added successfully. Total players: 1
2022-10-23 18:20:35,204 : INFO : EventManager : Event: ======'player_index'====== Args={'value': 0, 'prev_value': 0, 'change': 0, 'player_num': 1}
2022-10-23 18:20:35,205 : INFO : EventManager : Event: ======'player_number'====== Args={'value': 1, 'prev_value': 1, 'change': 0, 'player_num': 1}
2022-10-23 18:20:35,206 : INFO : EventManager : Event: ======'player_top_lane_hits'====== Args={'value': 0, 'prev_value': 0, 'change': 0, 'player_num': 1}
2022-10-23 18:20:35,206 : INFO : EventManager : Event: ======'player_bottom_lane_hits'====== Args={'value': 0, 'prev_value': 0, 'change': 0, 'player_num': 1}
2022-10-23 18:20:35,206 : INFO : EventManager : Event: ======'player_score'====== Args={'value': 0, 'prev_value': 0, 'change': 0, 'player_num': 1}
2022-10-23 18:20:35,207 : INFO : EventManager : Event: ======'game_started'====== Args={}
2022-10-23 18:20:35,229 : INFO : EventManager : Event: ======'player_turn_will_start'====== Args={'player': <Player 1>, 'number': 1}
2022-10-23 18:20:35,231 : INFO : EventManager : Event: ======'slide_layout_main_removed'====== Args={'_from_bcp': True}
2022-10-23 18:20:35,232 : INFO : EventManager : Event: ======'slide_empty_slide_removed'====== Args={'_from_bcp': True}
2022-10-23 18:20:35,232 : INFO : EventManager : Event: ======'slide_empty_slide_removed'====== Args={'_from_bcp': True}
2022-10-23 18:20:35,232 : INFO : EventManager : Event: ======'slide_empty_slide_removed'====== Args={'_from_bcp': True}
2022-10-23 18:20:35,232 : INFO : EventManager : Event: ======'slide_press_start_removed'====== Args={'_from_bcp': True}
2022-10-23 18:20:35,232 : INFO : EventManager : Event: ======'slide_empty_slide_removed'====== Args={'_from_bcp': True}
2022-10-23 18:20:35,232 : INFO : EventManager : Event: ======'slide_Title_slide_removed'====== Args={'_from_bcp': True}
2022-10-23 18:20:35,233 : INFO : EventManager : Event: ======'slide_empty_slide_removed'====== Args={'_from_bcp': True}
2022-10-23 18:20:35,233 : INFO : EventManager : Event: ======'slide_window_blank_active'====== Args={'_from_bcp': True}
2022-10-23 18:20:35,233 : INFO : EventManager : Event: ======'slide_Disp_Player_blank_active'====== Args={'_from_bcp': True}
2022-10-23 18:20:35,233 : INFO : EventManager : Event: ======'slide_Disp_Menu_blank_active'====== Args={'_from_bcp': True}
2022-10-23 18:20:35,233 : INFO : EventManager : Event: ======'slide_Disp_Ball_blank_active'====== Args={'_from_bcp': True}
2022-10-23 18:20:35,233 : INFO : EventManager : Event: ======'slide_Disp_Message_blank_active'====== Args={'_from_bcp': True}
2022-10-23 18:20:35,234 : INFO : EventManager : Event: ======'slide_Disp_Counter_blank_active'====== Args={'_from_bcp': True}
2022-10-23 18:20:35,234 : INFO : EventManager : Event: ======'slide_Disp_Score_blank_active'====== Args={'_from_bcp': True}
2022-10-23 18:20:35,234 : INFO : EventManager : Event: ======'slide_Disp_Icons_blank_active'====== Args={'_from_bcp': True}
2022-10-23 18:20:35,234 : INFO : EventManager : Event: ======'player_turn_starting'====== Args={'player': <Player 1>, 'number': 1}
2022-10-23 18:20:35,234 : INFO : EventManager : Event: ======'player_ball'====== Args={'value': 1, 'prev_value': 0, 'change': 1, 'player_num': 1}
2022-10-23 18:20:35,235 : INFO : EventManager : Event: ======'player_turn_started'====== Args={'player': <Player 1>, 'number': 1}
2022-10-23 18:20:35,237 : INFO : EventManager : Event: ======'ball_will_start'====== Args={'player': 1, 'ball': 1, 'balls_remaining': 2, 'is_extra_ball': False}
2022-10-23 18:20:35,243 : INFO : EventManager : Event: ======'ball_starting'====== Args={'player': 1, 'ball': 1, 'balls_remaining': 2, 'is_extra_ball': False}
2022-10-23 18:20:35,243 : INFO : EventManager : Event: ======'mode_orbit_will_start'====== Args={'queue': <QueuedEvent>, 'player': 1, 'ball': 1, 'balls_remaining': 2, 'is_extra_ball': False}
2022-10-23 18:20:35,244 : INFO : EventManager : Event: ======'player_shot_spinner_enabled'====== Args={'value': True, 'prev_value': 0, 'change': 1, 'player_num': 1}
2022-10-23 18:20:35,244 : INFO : EventManager : Event: ======'player_shot_orbit_enabled'====== Args={'value': True, 'prev_value': 0, 'change': 1, 'player_num': 1}
2022-10-23 18:20:35,245 : INFO : EventManager : Event: ======'mode_orbit_starting'====== Args={'queue': <QueuedEvent>, 'player': 1, 'ball': 1, 'balls_remaining': 2, 'is_extra_ball': False}
2022-10-23 18:20:35,245 : INFO : EventManager : Event: ======'mode_base_will_start'====== Args={'queue': <QueuedEvent>, 'player': 1, 'ball': 1, 'balls_remaining': 2, 'is_extra_ball': False}
2022-10-23 18:20:35,246 : INFO : EventManager : Event: ======'mode_base_starting'====== Args={'queue': <QueuedEvent>, 'player': 1, 'ball': 1, 'balls_remaining': 2, 'is_extra_ball': False}
2022-10-23 18:20:35,246 : INFO : drop_target_bank.db_dropbank : All targets are already up. Will not reset bank.
2022-10-23 18:20:35,246 : INFO : Mode.base : Started. Priority: 100
2022-10-23 18:20:35,246 : INFO : EventManager : Event: ======'modes_active_modes_changed'====== Args={}
2022-10-23 18:20:35,246 : INFO : EventManager : Event: ======'mode_base_started'====== Args={'queue': <QueuedEvent>, 'player': 1, 'ball': 1, 'balls_remaining': 2, 'is_extra_ball': False}
2022-10-23 18:20:35,246 : INFO : Mode.orbit : Started. Priority: 101
2022-10-23 18:20:35,246 : INFO : EventManager : Event: ======'modes_active_modes_changed'====== Args={}
2022-10-23 18:20:35,247 : INFO : EventManager : Event: ======'mode_orbit_started'====== Args={'queue': <QueuedEvent>, 'player': 1, 'ball': 1, 'balls_remaining': 2, 'is_extra_ball': False}
2022-10-23 18:20:35,247 : INFO : EventManager : Event: ======'balls_in_play'====== Args={'balls': 1}
2022-10-23 18:20:35,247 : INFO : EventManager : Event: ======'ball_started'====== Args={'player': 1, 'ball': 1, 'balls_remaining': 2, 'is_extra_ball': False}
2022-10-23 18:20:35,247 : INFO : EventManager : Event: ======'mode_lanes_will_start'====== Args={'player': 1, 'ball': 1, 'balls_remaining': 2, 'is_extra_ball': False}
2022-10-23 18:20:35,248 : INFO : EventManager : Event: ======'player_shot_lane_top_1_enabled'====== Args={'value': True, 'prev_value': 0, 'change': 1, 'player_num': 1}
2022-10-23 18:20:35,248 : INFO : EventManager : Event: ======'player_shot_lane_top_2_enabled'====== Args={'value': True, 'prev_value': 0, 'change': 1, 'player_num': 1}
2022-10-23 18:20:35,248 : INFO : EventManager : Event: ======'player_shot_lane_top_3_enabled'====== Args={'value': True, 'prev_value': 0, 'change': 1, 'player_num': 1}
2022-10-23 18:20:35,249 : INFO : EventManager : Event: ======'player_shot_lane_bottom_1_enabled'====== Args={'value': True, 'prev_value': 0, 'change': 1, 'player_num': 1}
2022-10-23 18:20:35,249 : INFO : EventManager : Event: ======'player_shot_lane_bottom_2_enabled'====== Args={'value': True, 'prev_value': 0, 'change': 1, 'player_num': 1}
2022-10-23 18:20:35,249 : INFO : EventManager : Event: ======'player_shot_lane_bottom_3_enabled'====== Args={'value': True, 'prev_value': 0, 'change': 1, 'player_num': 1}
2022-10-23 18:20:35,250 : INFO : EventManager : Event: ======'player_shot_lane_bottom_4_enabled'====== Args={'value': True, 'prev_value': 0, 'change': 1, 'player_num': 1}
2022-10-23 18:20:35,250 : INFO : EventManager : Event: ======'player_shot_lane_bottom_5_enabled'====== Args={'value': True, 'prev_value': 0, 'change': 1, 'player_num': 1}
2022-10-23 18:20:35,251 : INFO : EventManager : Event: ======'lanes_top_complete'====== Args={'state': 'unlit'}
2022-10-23 18:20:35,251 : INFO : EventManager : Event: ======'lanes_top_unlit_complete'====== Args={}
2022-10-23 18:20:35,252 : INFO : EventManager : Event: ======'lanes_bottom_complete'====== Args={'state': 'unlit'}
2022-10-23 18:20:35,252 : INFO : EventManager : Event: ======'lanes_bottom_unlit_complete'====== Args={}
2022-10-23 18:20:35,255 : INFO : EventManager : Event: ======'mode_lanes_starting'====== Args={'player': 1, 'ball': 1, 'balls_remaining': 2, 'is_extra_ball': False}
2022-10-23 18:20:35,275 : INFO : EventManager : Event: ======'logicblock_lane_top_count_updated'====== Args={'value': 1, 'enabled': True}
2022-10-23 18:20:35,275 : INFO : EventManager : Event: ======'logicblock_lane_bottom_count_updated'====== Args={'value': 1, 'enabled': True}
2022-10-23 18:20:35,275 : INFO : EventManager : Event: ======'logicblock_lane_top_count_updated'====== Args={'value': 1, 'enabled': True}
2022-10-23 18:20:35,275 : INFO : EventManager : Event: ======'logicblock_lane_bottom_count_updated'====== Args={'value': 1, 'enabled': True}
2022-10-23 18:20:35,275 : INFO : Mode.lanes : Started. Priority: 110
2022-10-23 18:20:35,275 : INFO : EventManager : Event: ======'modes_active_modes_changed'====== Args={}
2022-10-23 18:20:35,275 : INFO : EventManager : Event: ======'mode_lanes_started'====== Args={'player': 1, 'ball': 1, 'balls_remaining': 2, 'is_extra_ball': False}
2022-10-23 18:20:35,276 : INFO : EventManager : Event: ======'single_player_ball_started'====== Args={}
2022-10-23 18:20:35,276 : INFO : EventManager : Event: ======'player_pf_multiplier'====== Args={'value': 1, 'prev_value': 0, 'change': 1, 'player_num': 1}
2022-10-23 18:20:35,276 : INFO : EventManager : Event: ======'player_pf_multiplier2'====== Args={'value': 1, 'prev_value': 0, 'change': 1, 'player_num': 1}
2022-10-23 18:20:35,277 : INFO : EventManager : Event: ======'slide_layout_main_created'====== Args={'_from_bcp': True}
2022-10-23 18:20:35,277 : INFO : EventManager : Event: ======'slide_player_slide_created'====== Args={'_from_bcp': True}
2022-10-23 18:20:35,277 : INFO : EventManager : Event: ======'slide_empty_slide_created'====== Args={'_from_bcp': True}
2022-10-23 18:20:35,277 : INFO : EventManager : Event: ======'slide_ball_slide_created'====== Args={'_from_bcp': True}
2022-10-23 18:20:35,278 : INFO : EventManager : Event: ======'ball_start_target'====== Args={'target': 'playfield'}
2022-10-23 18:20:35,293 : INFO : ball_device.bd_plunger : Setting up player-controlled eject. Balls: 1, Target: <playfield.playfield>, player_controlled_eject_event: s_launch_active
2022-10-23 18:20:35,293 : INFO : EventManager : Event: ======'balldevice_balls_available'====== Args={}
2022-10-23 18:20:35,294 : INFO : EventManager : Event: ======'slide_empty_slide_created'====== Args={'_from_bcp': True}
2022-10-23 18:20:35,295 : INFO : EventManager : Event: ======'slide_empty_slide_created'====== Args={'_from_bcp': True}
2022-10-23 18:20:35,295 : INFO : EventManager : Event: ======'slide_score_slide_created'====== Args={'_from_bcp': True}
2022-10-23 18:20:35,296 : INFO : EventManager : Event: ======'slide_empty_slide_created'====== Args={'_from_bcp': True}
2022-10-23 18:20:35,297 : INFO : ball_device.bd_trough : State: waiting_for_target_ready
2022-10-23 18:20:35,297 : INFO : EventManager : Event: ======'balldevice_bd_trough_ball_eject_attempt'====== Args={'balls': 1, 'target': <ball_device.bd_plunger>, 'source': <ball_device.bd_trough>, 'mechanical_eject': True, 'num_attempts': 0}
2022-10-23 18:20:35,298 : INFO : ball_device.bd_plunger : State: waiting_for_ball
2022-10-23 18:20:35,299 : INFO : ball_device.bd_trough : State: ejecting
2022-10-23 18:20:35,300 : INFO : ball_device.bd_trough : Ejecting ball to <ball_device.bd_plunger>
2022-10-23 18:20:35,300 : INFO : EventManager : Event: ======'balldevice_bd_trough_ejecting_ball'====== Args={'balls': 1, 'target': <ball_device.bd_plunger>, 'source': <ball_device.bd_trough>, 'mechanical_eject': True, 'num_attempts': 0}
2022-10-23 18:20:35,301 : INFO : ball_device.bd_trough : Wait for ball to leave device
2022-10-23 18:20:35,301 : INFO : coil.c_trough_eject : Pulsing Driver for 25ms (1.0 pulse_power)
2022-10-23 18:20:35,303 : INFO : SwitchController : <<<<<<< 's_trough1' inactive >>>>>>>
2022-10-23 18:20:35,308 : INFO : ball_device.bd_trough : State: ball_left
2022-10-23 18:20:35,308 : INFO : ball_device.bd_trough : Ball left
2022-10-23 18:20:35,308 : INFO : ball_device.bd_trough : Wait for confirm with timeout 10.0
2022-10-23 18:20:35,324 : INFO : EventManager : Event: ======'slide_layout_main_active'====== Args={'_from_bcp': True}
2022-10-23 18:20:35,326 : INFO : EventManager : Event: ======'slide_player_slide_active'====== Args={'_from_bcp': True}
2022-10-23 18:20:35,327 : INFO : EventManager : Event: ======'slide_empty_slide_active'====== Args={'_from_bcp': True}
2022-10-23 18:20:35,329 : INFO : EventManager : Event: ======'slide_ball_slide_active'====== Args={'_from_bcp': True}
2022-10-23 18:20:35,330 : INFO : EventManager : Event: ======'slide_empty_slide_active'====== Args={'_from_bcp': True}
2022-10-23 18:20:35,331 : INFO : EventManager : Event: ======'slide_empty_slide_active'====== Args={'_from_bcp': True}
2022-10-23 18:20:35,332 : INFO : EventManager : Event: ======'slide_score_slide_active'====== Args={'_from_bcp': True}
2022-10-23 18:20:35,333 : INFO : EventManager : Event: ======'slide_empty_slide_active'====== Args={'_from_bcp': True}
2022-10-23 18:20:35,422 : INFO : SwitchController : <<<<<<< 's_plunger_lane' active >>>>>>>
2022-10-23 18:20:35,422 : INFO : EventManager : Event: ======'machine_var_audits_switches_s_plunger_lane'====== Args={'value': 139, 'prev_value': 138, 'change': 1}
2022-10-23 18:20:35,923 : INFO : ball_device.bd_plunger : Received ball from <ball_device.bd_trough>
2022-10-23 18:20:35,924 : INFO : EventManager : Event: ======'balldevice_bd_plunger_ball_enter'====== Args={'new_balls': 1, 'unclaimed_balls': 0, 'new_available_balls': 0, 'device': <ball_device.bd_plunger>}
2022-10-23 18:20:35,925 : INFO : EventManager : Event: ======'balldevice_bd_plunger_ball_entered'====== Args={'new_balls': 0, 'device': <ball_device.bd_plunger>}
2022-10-23 18:20:35,926 : INFO : EventManager : Event: ======'balldevice_bd_plunger_ball_count_changed'====== Args={'balls': 1}
2022-10-23 18:20:35,926 : INFO : ball_device.bd_trough : Got eject confirm
2022-10-23 18:20:35,926 : INFO : ball_device.bd_trough : Eject successful
2022-10-23 18:20:35,927 : INFO : EventManager : Event: ======'balldevice_bd_trough_ball_eject_success'====== Args={'balls': 1, 'target': <ball_device.bd_plunger>}
2022-10-23 18:20:35,928 : INFO : EventManager : Event: ======'balldevice_bd_trough_ball_count_changed'====== Args={'balls': 3}
2022-10-23 18:20:35,928 : INFO : ball_device.bd_trough : State: idle
2022-10-23 18:20:35,929 : INFO : ball_device.bd_plunger : State: waiting_for_target_ready
2022-10-23 18:20:35,929 : INFO : EventManager : Event: ======'balldevice_bd_plunger_ball_eject_attempt'====== Args={'balls': 1, 'target': <playfield.playfield>, 'source': <ball_device.bd_plunger>, 'mechanical_eject': True, 'num_attempts': 0}
2022-10-23 18:20:35,930 : INFO : ball_device.bd_plunger : State: ejecting
2022-10-23 18:20:35,930 : INFO : ball_device.bd_plunger : Ejecting ball to <playfield.playfield>
2022-10-23 18:20:35,930 : INFO : EventManager : Event: ======'balldevice_bd_plunger_ejecting_ball'====== Args={'balls': 1, 'target': <playfield.playfield>, 'source': <ball_device.bd_plunger>, 'mechanical_eject': True, 'num_attempts': 0}
2022-10-23 18:20:35,932 : INFO : ball_device.bd_plunger : Wait for ball to leave device
2022-10-23 18:20:38,356 : INFO : SwitchController : <<<<<<< 's_plunger_lane' inactive >>>>>>>
2022-10-23 18:20:38,360 : INFO : ball_device.bd_plunger : State: ball_left
2022-10-23 18:20:38,360 : INFO : ball_device.bd_plunger : Ball left
2022-10-23 18:20:38,361 : INFO : ball_device.bd_plunger : Wait for confirm with timeout 10.0
2022-10-23 18:20:40,575 : INFO : SwitchController : <<<<<<< 's_toplane1' active >>>>>>>
2022-10-23 18:20:40,575 : INFO : EventManager : Event: ======'playfield_active'====== Args={}
2022-10-23 18:20:40,576 : INFO : EventManager : Event: ======'s_toplane1_active'====== Args={}
2022-10-23 18:20:40,576 : INFO : EventManager : Event: ======'machine_var_audits_switches_s_toplane1'====== Args={'value': 252, 'prev_value': 251, 'change': 1}
2022-10-23 18:20:40,585 : INFO : EventManager : Event: ======'player_shot_lane_top_1'====== Args={'value': 1, 'prev_value': 0, 'change': 1, 'player_num': 1}
2022-10-23 18:20:40,586 : INFO : EventManager : Event: ======'machine_var_audits_shots_lane_top_1'====== Args={'value': 165, 'prev_value': 164, 'change': 1}
2022-10-23 18:20:40,587 : INFO : EventManager : Event: ======'lane_top_1_hit'====== Args={'profile': 'default', 'state': 'unlit', 'advancing': True}
2022-10-23 18:20:40,587 : INFO : EventManager : Event: ======'lane_top_1_default_hit'====== Args={'profile': 'default', 'state': 'unlit', 'advancing': True}
2022-10-23 18:20:40,587 : INFO : EventManager : Event: ======'lane_top_1_default_unlit_hit'====== Args={'profile': 'default', 'state': 'unlit', 'advancing': True}
2022-10-23 18:20:40,587 : INFO : EventManager : Event: ======'lane_top_1_unlit_hit'====== Args={'profile': 'default', 'state': 'unlit', 'advancing': True}
2022-10-23 18:20:40,587 : INFO : EventManager : Event: ======'player_score'====== Args={'value': 100, 'prev_value': 0, 'change': 100, 'player_num': 1}
2022-10-23 18:20:40,587 : INFO : EventManager : Event: ======'lanes_top_hit'====== Args={}
2022-10-23 18:20:40,587 : INFO : EventManager : Event: ======'lanes_top_unlit_hit'====== Args={}
2022-10-23 18:20:40,603 : INFO : ball_device.bd_plunger : Got eject confirm
2022-10-23 18:20:40,603 : INFO : ball_device.bd_plunger : Eject successful
2022-10-23 18:20:40,603 : INFO : EventManager : Event: ======'balldevice_bd_plunger_ball_eject_success'====== Args={'balls': 1, 'target': <playfield.playfield>}
2022-10-23 18:20:40,604 : INFO : EventManager : Event: ======'balldevice_playfield_ball_enter'====== Args={'new_balls': 1, 'unclaimed_balls': 1, 'device': <playfield.playfield>}
2022-10-23 18:20:40,604 : INFO : EventManager : Event: ======'playfield_ball_count_change'====== Args={'balls': 1, 'change': 1}
2022-10-23 18:20:40,605 : INFO : EventManager : Event: ======'balldevice_bd_plunger_ball_count_changed'====== Args={'balls': 0}
2022-10-23 18:20:40,605 : INFO : ball_device.bd_plunger : State: idle
2022-10-23 18:20:40,732 : INFO : SwitchController : <<<<<<< 's_toplane1' inactive >>>>>>>
2022-10-23 18:20:41,895 : INFO : SwitchController : <<<<<<< 's_toplane2' active >>>>>>>
2022-10-23 18:20:41,896 : INFO : EventManager : Event: ======'s_toplane2_active'====== Args={}
2022-10-23 18:20:41,896 : INFO : EventManager : Event: ======'machine_var_audits_switches_s_toplane2'====== Args={'value': 158, 'prev_value': 157, 'change': 1}
2022-10-23 18:20:41,899 : INFO : EventManager : Event: ======'player_shot_lane_top_2'====== Args={'value': 1, 'prev_value': 0, 'change': 1, 'player_num': 1}
2022-10-23 18:20:41,899 : INFO : EventManager : Event: ======'machine_var_audits_shots_lane_top_2'====== Args={'value': 151, 'prev_value': 150, 'change': 1}
2022-10-23 18:20:41,900 : INFO : EventManager : Event: ======'lane_top_2_hit'====== Args={'profile': 'default', 'state': 'unlit', 'advancing': True}
2022-10-23 18:20:41,901 : INFO : EventManager : Event: ======'lane_top_2_default_hit'====== Args={'profile': 'default', 'state': 'unlit', 'advancing': True}
2022-10-23 18:20:41,901 : INFO : EventManager : Event: ======'lane_top_2_default_unlit_hit'====== Args={'profile': 'default', 'state': 'unlit', 'advancing': True}
2022-10-23 18:20:41,901 : INFO : EventManager : Event: ======'lane_top_2_unlit_hit'====== Args={'profile': 'default', 'state': 'unlit', 'advancing': True}
2022-10-23 18:20:41,901 : INFO : EventManager : Event: ======'player_score'====== Args={'value': 200, 'prev_value': 100, 'change': 100, 'player_num': 1}
2022-10-23 18:20:41,902 : INFO : EventManager : Event: ======'lanes_top_hit'====== Args={}
2022-10-23 18:20:41,902 : INFO : EventManager : Event: ======'lanes_top_unlit_hit'====== Args={}
2022-10-23 18:20:42,034 : INFO : SwitchController : <<<<<<< 's_toplane2' inactive >>>>>>>
2022-10-23 18:20:44,644 : INFO : SwitchController : <<<<<<< 's_toplane3' active >>>>>>>
2022-10-23 18:20:44,644 : INFO : EventManager : Event: ======'s_toplane3_active'====== Args={}
2022-10-23 18:20:44,645 : INFO : EventManager : Event: ======'machine_var_audits_switches_s_toplane3'====== Args={'value': 137, 'prev_value': 136, 'change': 1}
2022-10-23 18:20:44,650 : INFO : EventManager : Event: ======'player_shot_lane_top_3'====== Args={'value': 1, 'prev_value': 0, 'change': 1, 'player_num': 1}
2022-10-23 18:20:44,651 : INFO : EventManager : Event: ======'machine_var_audits_shots_lane_top_3'====== Args={'value': 130, 'prev_value': 129, 'change': 1}
2022-10-23 18:20:44,651 : INFO : EventManager : Event: ======'lane_top_3_hit'====== Args={'profile': 'default', 'state': 'unlit', 'advancing': True}
2022-10-23 18:20:44,651 : INFO : EventManager : Event: ======'lane_top_3_default_hit'====== Args={'profile': 'default', 'state': 'unlit', 'advancing': True}
2022-10-23 18:20:44,651 : INFO : EventManager : Event: ======'lane_top_3_default_unlit_hit'====== Args={'profile': 'default', 'state': 'unlit', 'advancing': True}
2022-10-23 18:20:44,651 : INFO : EventManager : Event: ======'lane_top_3_unlit_hit'====== Args={'profile': 'default', 'state': 'unlit', 'advancing': True}
2022-10-23 18:20:44,652 : INFO : EventManager : Event: ======'player_score'====== Args={'value': 300, 'prev_value': 200, 'change': 100, 'player_num': 1}
2022-10-23 18:20:44,652 : INFO : EventManager : Event: ======'lanes_top_complete'====== Args={'state': 'lit'}
2022-10-23 18:20:44,652 : INFO : EventManager : Event: ======'lanes_top_lit_complete'====== Args={}
2022-10-23 18:20:44,652 : INFO : EventManager : Event: ======'lanes_top_hit'====== Args={}
2022-10-23 18:20:44,653 : INFO : EventManager : Event: ======'lanes_top_unlit_hit'====== Args={}
2022-10-23 18:20:44,653 : ERROR : asyncio : Exception in callback EventManager.process_event_queue()
handle: <Handle EventManager.process_event_queue()>
Traceback (most recent call last):
  File "C:\Users\dorus\AppData\Local\Programs\Python\Python38\lib\site-packages\mpf\core\show_controller.py", line 128, in replace_or_advance_show
    show_obj = self.machine.shows[config.name]
KeyError: 'rainbow'

During handling of the above exception, another exception occurred:

Traceback (most recent call last):
  File "C:\Users\dorus\AppData\Local\Programs\Python\Python38\lib\site-packages\mpf\core\events.py", line 695, in _run_handlers
    result = handler.callback(**merged_kwargs)
  File "C:\Users\dorus\AppData\Local\Programs\Python\Python38\lib\site-packages\mpf\core\config_player.py", line 328, in config_play_callback
    return self.play(settings=settings, context=context, calling_context=calling_context, priority=priority,
  File "C:\Users\dorus\AppData\Local\Programs\Python\Python38\lib\site-packages\mpf\config_players\show_player.py", line 60, in play
    self._update_show(show.name, show_settings, context, queue, start_time, show_tokens)
  File "C:\Users\dorus\AppData\Local\Programs\Python\Python38\lib\site-packages\mpf\config_players\show_player.py", line 224, in _update_show
    action(key, instance_dict, show_name, show_settings, queue, start_time, placeholder_args)
  File "C:\Users\dorus\AppData\Local\Programs\Python\Python38\lib\site-packages\mpf\config_players\show_player.py", line 116, in _play
    instance_dict[key] = self.machine.show_controller.replace_or_advance_show(previous_show, show_config,
  File "C:\Users\dorus\AppData\Local\Programs\Python\Python38\lib\site-packages\mpf\core\show_controller.py", line 130, in replace_or_advance_show
    raise KeyError("Cannot play show '{}'. No show with that "
KeyError: "Cannot play show 'rainbow'. No show with that name."

The above exception was the direct cause of the following exception:

Traceback (most recent call last):
  File "C:\Users\dorus\AppData\Local\Programs\Python\Python38\lib\asyncio\events.py", line 81, in _run
    self._context.run(self._callback, *self._args)
  File "C:\Users\dorus\AppData\Local\Programs\Python\Python38\lib\site-packages\mpf\core\events.py", line 779, in process_event_queue
    self._process_event(event=event[0],
  File "C:\Users\dorus\AppData\Local\Programs\Python\Python38\lib\site-packages\mpf\core\events.py", line 741, in _process_event
    result = self._run_handlers(event, ev_type, kwargs)
  File "C:\Users\dorus\AppData\Local\Programs\Python\Python38\lib\site-packages\mpf\core\events.py", line 697, in _run_handlers
    raise Exception("Exception while processing {} for event {}. {}".format(handler, event, e)) from e
Exception: Exception while processing RegisteredHandler(callback=<bound method ConfigPlayer.config_play_callback of ConfigPlayer.show_player/shows>, priority=110, kwargs={'calling_context': 'lanes_top_complete', 'mode': <Mode.lanes>, 'settings': {rainbow-None-None: {'show_tokens': {'leds': <NativeTemplate led_t1, led_t2, led_t3>}, 'loops': 3, 'speed': 10.0, 'priority': 200, 'action': 'play', 'show': None, 'block_queue': False, 'start_step': <NativeTemplate 1>, 'start_running': <Template True>, 'sync_ms': None, 'manual_advance': False, 'show_queue': None, 'key': None, 'events_when_played': [], 'events_when_stopped': [], 'events_when_looped': [], 'events_when_paused': [], 'events_when_resumed': [], 'events_when_advanced': [], 'events_when_stepped_back': [], 'events_when_updated': [], 'events_when_completed': []}}}, key=UUID('9999caa5-f85d-46e6-9bca-957709d70200'), condition=None, blocking_facility=None) for event lanes_top_complete. "Cannot play show 'rainbow'. No show with that name."
2022-10-23 18:20:44,668 : INFO : Machine : Shutting down...
2022-10-23 18:20:44,669 : INFO : EventManager : Event: ======'shutdown'====== Args={}
2022-10-23 18:20:44,679 : ERROR : Machine : Runtime Exception
Traceback (most recent call last):
  File "C:\Users\dorus\AppData\Local\Programs\Python\Python38\lib\site-packages\mpf\core\show_controller.py", line 128, in replace_or_advance_show
    show_obj = self.machine.shows[config.name]
KeyError: 'rainbow'

During handling of the above exception, another exception occurred:

Traceback (most recent call last):
  File "C:\Users\dorus\AppData\Local\Programs\Python\Python38\lib\site-packages\mpf\core\events.py", line 695, in _run_handlers
    result = handler.callback(**merged_kwargs)
  File "C:\Users\dorus\AppData\Local\Programs\Python\Python38\lib\site-packages\mpf\core\config_player.py", line 328, in config_play_callback
    return self.play(settings=settings, context=context, calling_context=calling_context, priority=priority,
  File "C:\Users\dorus\AppData\Local\Programs\Python\Python38\lib\site-packages\mpf\config_players\show_player.py", line 60, in play
    self._update_show(show.name, show_settings, context, queue, start_time, show_tokens)
  File "C:\Users\dorus\AppData\Local\Programs\Python\Python38\lib\site-packages\mpf\config_players\show_player.py", line 224, in _update_show
    action(key, instance_dict, show_name, show_settings, queue, start_time, placeholder_args)
  File "C:\Users\dorus\AppData\Local\Programs\Python\Python38\lib\site-packages\mpf\config_players\show_player.py", line 116, in _play
    instance_dict[key] = self.machine.show_controller.replace_or_advance_show(previous_show, show_config,
  File "C:\Users\dorus\AppData\Local\Programs\Python\Python38\lib\site-packages\mpf\core\show_controller.py", line 130, in replace_or_advance_show
    raise KeyError("Cannot play show '{}'. No show with that "
KeyError: "Cannot play show 'rainbow'. No show with that name."

The above exception was the direct cause of the following exception:

Traceback (most recent call last):
  File "C:\Users\dorus\AppData\Local\Programs\Python\Python38\lib\site-packages\mpf\core\machine.py", line 769, in _run_loop
    raise self._exception['exception']
  File "C:\Users\dorus\AppData\Local\Programs\Python\Python38\lib\asyncio\events.py", line 81, in _run
    self._context.run(self._callback, *self._args)
  File "C:\Users\dorus\AppData\Local\Programs\Python\Python38\lib\site-packages\mpf\core\events.py", line 779, in process_event_queue
    self._process_event(event=event[0],
  File "C:\Users\dorus\AppData\Local\Programs\Python\Python38\lib\site-packages\mpf\core\events.py", line 741, in _process_event
    result = self._run_handlers(event, ev_type, kwargs)
  File "C:\Users\dorus\AppData\Local\Programs\Python\Python38\lib\site-packages\mpf\core\events.py", line 697, in _run_handlers
    raise Exception("Exception while processing {} for event {}. {}".format(handler, event, e)) from e
Exception: Exception while processing RegisteredHandler(callback=<bound method ConfigPlayer.config_play_callback of ConfigPlayer.show_player/shows>, priority=110, kwargs={'calling_context': 'lanes_top_complete', 'mode': <Mode.lanes>, 'settings': {rainbow-None-None: {'show_tokens': {'leds': <NativeTemplate led_t1, led_t2, led_t3>}, 'loops': 3, 'speed': 10.0, 'priority': 200, 'action': 'play', 'show': None, 'block_queue': False, 'start_step': <NativeTemplate 1>, 'start_running': <Template True>, 'sync_ms': None, 'manual_advance': False, 'show_queue': None, 'key': None, 'events_when_played': [], 'events_when_stopped': [], 'events_when_looped': [], 'events_when_paused': [], 'events_when_resumed': [], 'events_when_advanced': [], 'events_when_stepped_back': [], 'events_when_updated': [], 'events_when_completed': []}}}, key=UUID('9999caa5-f85d-46e6-9bca-957709d70200'), condition=None, blocking_facility=None) for event lanes_top_complete. "Cannot play show 'rainbow'. No show with that name."
2022-10-23 18:20:44,899 : INFO : crash_reporter : Will not report crash as "report_crashes" mode is "never"
2022-10-23 18:20:44,900 : INFO : root : MPF run loop ended.
