2022-10-23 15:41:54,440 : INFO : root : Loading config.
2022-10-23 15:41:54,444 : INFO : YamlMultifileConfigLoader : Machine config file #1: config.yaml
2022-10-23 15:41:54,444 : INFO : ConfigProcessor : Loading config from cache: C:\Users\dorus\AppData\Local\Temp\e2a46ea082c19f5103dd0f83869ccd8e.mpf_cache
2022-10-23 15:41:54,529 : INFO : ConfigProcessor : Loading config from cache: C:\Users\dorus\AppData\Local\Temp\69e5e641cece6cfbb9f28306d01595e4.mpf_cache
2022-10-23 15:41:54,529 : INFO : ConfigProcessor : Loading config from cache: C:\Users\dorus\AppData\Local\Temp\336e6d2601ccb63523c70814805acbf1.mpf_cache
2022-10-23 15:41:54,530 : INFO : ConfigProcessor : Loading config from cache: C:\Users\dorus\AppData\Local\Temp\8f8558ef7eb783a34103d845cb15f27a.mpf_cache
2022-10-23 15:41:54,531 : INFO : ConfigProcessor : Loading config from cache: C:\Users\dorus\AppData\Local\Temp\3f4ec0fd6e14e835699e1ee64ae7815f.mpf_cache
2022-10-23 15:41:54,532 : INFO : ConfigProcessor : Loading config from cache: C:\Users\dorus\AppData\Local\Temp\07450fdcdb716b1c510f1f1f728b03da.mpf_cache
2022-10-23 15:41:54,533 : INFO : ConfigProcessor : Loading config from cache: C:\Users\dorus\AppData\Local\Temp\26dc7d91d16a8c3848757fce5df95f92.mpf_cache
2022-10-23 15:41:54,533 : INFO : ConfigProcessor : Loading config from cache: C:\Users\dorus\AppData\Local\Temp\e142fb215d63411261522b102b5844f9.mpf_cache
2022-10-23 15:41:54,534 : INFO : Machine : Mission Pinball Framework Core Engine v0.55.0
2022-10-23 15:41:54,534 : INFO : Machine : Command line arguments: {'no_load_cache': False, 'create_config_cache': True, 'bcp': True, 'configfile': ['config.yaml'], 'force_assets_load': False, 'jsonlogging': False, 'logfile': 'logs\\2022-10-23-15-41-54-mpf-LAPTOP-AS8QDAQG.log', 'pause': False, 'production': False, 'text_ui': True, 'loglevel': 15, 'consoleloglevel': 20, 'force_platform': 'smart_virtual', 'syslog_address': None, 'mc_file_name': None, 'no_sound': False}
2022-10-23 15:41:54,534 : INFO : Machine : MPF path: C:\Users\dorus\AppData\Local\Programs\Python\Python38\lib\site-packages\mpf
2022-10-23 15:41:54,534 : INFO : Machine : Machine path: C:\Users\dorus\OneDrive\Documents\Pinball\Github\Pinball-MPF\mpfv1
2022-10-23 15:41:54,534 : INFO : Machine : Platform: win32
2022-10-23 15:41:54,534 : INFO : Machine : Python executable location: C:\Users\dorus\AppData\Local\Programs\Python\Python38\python.exe
2022-10-23 15:41:54,534 : INFO : Machine : Python version: 3.8.10 (64-bit)
2022-10-23 15:41:54,536 : INFO : Machine : Initialise MPF.
2022-10-23 15:41:54,684 : INFO : EventManager : Event: ======'machine_var_credits_string'====== Args={'value': 'FREE PLAY', 'prev_value': None, 'change': True}
2022-10-23 15:41:54,736 : INFO : EventManager : Event: ======'machine_var_master_volume'====== Args={'value': 0.5, 'prev_value': None, 'change': True}
2022-10-23 15:41:54,736 : INFO : EventManager : Event: ======'machine_var_player1_score'====== Args={'value': 3000, 'prev_value': None, 'change': True}
2022-10-23 15:41:54,736 : INFO : EventManager : Event: ======'machine_var_mpf_version'====== Args={'value': 'MPF v0.55.0', 'prev_value': None, 'change': True}
2022-10-23 15:41:54,737 : INFO : EventManager : Event: ======'machine_var_mpf_extended_version'====== Args={'value': 'MPF v0.55.0, Config version:5, Show version: 5, BCP version:1.1', 'prev_value': None, 'change': True}
2022-10-23 15:41:54,737 : INFO : EventManager : Event: ======'machine_var_python_version'====== Args={'value': '3.8.10', 'prev_value': None, 'change': True}
2022-10-23 15:41:54,747 : INFO : EventManager : Event: ======'machine_var_platform'====== Args={'value': 'Windows-10-10.0.19044-SP0', 'prev_value': None, 'change': True}
2022-10-23 15:41:54,747 : INFO : EventManager : Event: ======'machine_var_platform_system'====== Args={'value': 'Windows', 'prev_value': None, 'change': True}
2022-10-23 15:41:54,747 : INFO : EventManager : Event: ======'machine_var_platform_release'====== Args={'value': '10', 'prev_value': None, 'change': True}
2022-10-23 15:41:54,747 : INFO : EventManager : Event: ======'machine_var_platform_version'====== Args={'value': '10.0.19044', 'prev_value': None, 'change': True}
2022-10-23 15:41:54,747 : INFO : EventManager : Event: ======'machine_var_platform_machine'====== Args={'value': 'AMD64', 'prev_value': None, 'change': True}
2022-10-23 15:41:54,747 : INFO : EventManager : Event: ======'init_phase_1'====== Args={}
2022-10-23 15:41:54,763 : INFO : EventManager : Event: ======'drop_target_bank_db_dropbank_up'====== Args={}
2022-10-23 15:41:54,766 : INFO : EventManager : Event: ======'init_phase_2'====== Args={}
2022-10-23 15:41:54,767 : INFO : SwitchController : Found active switch: ('2-0-19', <Platform.SmartVirtual>) <switch.s_trough1>
2022-10-23 15:41:54,767 : INFO : SwitchController : Found active switch: ('2-0-20', <Platform.SmartVirtual>) <switch.s_trough2>
2022-10-23 15:41:54,767 : INFO : SwitchController : Found active switch: ('2-0-21', <Platform.SmartVirtual>) <switch.s_trough3>
2022-10-23 15:41:54,767 : INFO : SwitchController : Found active switch: ('2-0-22', <Platform.SmartVirtual>) <switch.s_trough4>
2022-10-23 15:41:54,771 : INFO : EventManager : Event: ======'bcp_connection_attempt'====== Args={'name': 'local_display', 'host': 'localhost', 'port': 5050}
2022-10-23 15:41:54,772 : INFO : BCPClientSocket : Connecting BCP to 'local_display' at localhost:5050...
2022-10-23 15:41:56,808 : INFO : BCPClientSocket : Connected BCP to 'local_display' localhost:5050
2022-10-23 15:41:56,809 : INFO : EventManager : Event: ======'bcp_clients_connected'====== Args={}
2022-10-23 15:41:56,818 : INFO : ball_device.bd_trough : BCH: Initial count: 4
2022-10-23 15:41:56,819 : INFO : EventManager : Event: ======'machine_var_mc_version'====== Args={'value': 'MPF-MC v0.55.0', 'prev_value': None, 'change': True}
2022-10-23 15:41:56,819 : INFO : EventManager : Event: ======'machine_var_mc_extended_version'====== Args={'value': 'MPF-MC v0.55.0 (config_version=5, BCP v1.1, Requires MPF v0.55.0-dev.49)', 'prev_value': None, 'change': True}
2022-10-23 15:41:56,820 : INFO : ball_device.bd_trough : State: idle
2022-10-23 15:41:56,832 : INFO : ball_device.bd_plunger : BCH: Initial count: 0
2022-10-23 15:41:56,832 : INFO : ball_device.bd_plunger : State: idle
2022-10-23 15:41:56,832 : INFO : ball_device.bd_vukmid : BCH: Initial count: 0
2022-10-23 15:41:56,833 : INFO : ball_device.bd_vukmid : State: idle
2022-10-23 15:41:56,833 : INFO : ball_device.bd_vuktop : BCH: Initial count: 0
2022-10-23 15:41:56,833 : INFO : ball_device.bd_vuktop : State: idle
2022-10-23 15:41:56,910 : INFO : EventManager : Event: ======'init_phase_3'====== Args={}
2022-10-23 15:41:56,914 : INFO : EventManager : Event: ======'init_phase_4'====== Args={}
2022-10-23 15:41:56,914 : INFO : EventManager : Event: ======'playfield_active'====== Args={}
2022-10-23 15:41:56,914 : INFO : EventManager : Event: ======'unexpected_ball_on_playfield'====== Args={}
2022-10-23 15:41:56,914 : INFO : EventManager : Event: ======'playfield_active'====== Args={}
2022-10-23 15:41:56,914 : INFO : EventManager : Event: ======'unexpected_ball_on_playfield'====== Args={}
2022-10-23 15:41:56,914 : INFO : EventManager : Event: ======'playfield_active'====== Args={}
2022-10-23 15:41:56,914 : INFO : EventManager : Event: ======'unexpected_ball_on_playfield'====== Args={}
2022-10-23 15:41:56,914 : INFO : BallController : Initial balls found: 4
2022-10-23 15:41:56,915 : INFO : EventManager : Event: ======'machine_var_audits_events_game_ended'====== Args={'value': 0, 'prev_value': None, 'change': True}
2022-10-23 15:41:56,915 : INFO : EventManager : Event: ======'machine_var_audits_events_game_started'====== Args={'value': 0, 'prev_value': None, 'change': True}
2022-10-23 15:41:56,916 : INFO : EventManager : Event: ======'machine_var_audits_player_score'====== Args={'value': {'average': 29309.090909090908, 'top': [106800, 41000, 33100, 31800, 31200, 27600, 20200, 17500, 10200, 3000], 'total': 11}, 'prev_value': None, 'change': True}
2022-10-23 15:41:56,917 : INFO : EventManager : Event: ======'machine_var_audits_shots_lane_top_1'====== Args={'value': 145, 'prev_value': None, 'change': True}
2022-10-23 15:41:56,917 : INFO : EventManager : Event: ======'machine_var_audits_shots_lane_top_2'====== Args={'value': 132, 'prev_value': None, 'change': True}
2022-10-23 15:41:56,918 : INFO : EventManager : Event: ======'machine_var_audits_shots_lane_top_3'====== Args={'value': 112, 'prev_value': None, 'change': True}
2022-10-23 15:41:56,918 : INFO : EventManager : Event: ======'machine_var_audits_shots_orbit'====== Args={'value': 23, 'prev_value': None, 'change': True}
2022-10-23 15:41:56,918 : INFO : EventManager : Event: ======'machine_var_audits_shots_spinner'====== Args={'value': 178, 'prev_value': None, 'change': True}
2022-10-23 15:41:56,918 : INFO : EventManager : Event: ======'machine_var_audits_switches_s_bottomlane1'====== Args={'value': 15, 'prev_value': None, 'change': True}
2022-10-23 15:41:56,918 : INFO : EventManager : Event: ======'machine_var_audits_switches_s_bottomlane2'====== Args={'value': 28, 'prev_value': None, 'change': True}
2022-10-23 15:41:56,919 : INFO : EventManager : Event: ======'machine_var_audits_switches_s_bottomlane3'====== Args={'value': 149, 'prev_value': None, 'change': True}
2022-10-23 15:41:56,919 : INFO : EventManager : Event: ======'machine_var_audits_switches_s_bottomlane4'====== Args={'value': 33, 'prev_value': None, 'change': True}
2022-10-23 15:41:56,919 : INFO : EventManager : Event: ======'machine_var_audits_switches_s_bottomlane5'====== Args={'value': 13, 'prev_value': None, 'change': True}
2022-10-23 15:41:56,919 : INFO : EventManager : Event: ======'machine_var_audits_switches_s_drop1'====== Args={'value': 35, 'prev_value': None, 'change': True}
2022-10-23 15:41:56,919 : INFO : EventManager : Event: ======'machine_var_audits_switches_s_drop2'====== Args={'value': 17, 'prev_value': None, 'change': True}
2022-10-23 15:41:56,919 : INFO : EventManager : Event: ======'machine_var_audits_switches_s_drop3'====== Args={'value': 15, 'prev_value': None, 'change': True}
2022-10-23 15:41:56,919 : INFO : EventManager : Event: ======'machine_var_audits_switches_s_launch'====== Args={'value': 11, 'prev_value': None, 'change': True}
2022-10-23 15:41:56,919 : INFO : EventManager : Event: ======'machine_var_audits_switches_s_left01'====== Args={'value': 27, 'prev_value': None, 'change': True}
2022-10-23 15:41:56,919 : INFO : EventManager : Event: ======'machine_var_audits_switches_s_left02'====== Args={'value': 28, 'prev_value': None, 'change': True}
2022-10-23 15:41:56,920 : INFO : EventManager : Event: ======'machine_var_audits_switches_s_left03'====== Args={'value': 21, 'prev_value': None, 'change': True}
2022-10-23 15:41:56,920 : INFO : EventManager : Event: ======'machine_var_audits_switches_s_left_sling'====== Args={'value': 62, 'prev_value': None, 'change': True}
2022-10-23 15:41:56,920 : INFO : EventManager : Event: ======'machine_var_audits_switches_s_orbit1'====== Args={'value': 45, 'prev_value': None, 'change': True}
2022-10-23 15:41:56,920 : INFO : EventManager : Event: ======'machine_var_audits_switches_s_orbit2'====== Args={'value': 0, 'prev_value': None, 'change': True}
2022-10-23 15:41:56,920 : INFO : EventManager : Event: ======'machine_var_audits_switches_s_plunger_lane'====== Args={'value': 121, 'prev_value': None, 'change': True}
2022-10-23 15:41:56,920 : INFO : EventManager : Event: ======'machine_var_audits_switches_s_popbumber_1'====== Args={'value': 68, 'prev_value': None, 'change': True}
2022-10-23 15:41:56,921 : INFO : EventManager : Event: ======'machine_var_audits_switches_s_popbumber_2'====== Args={'value': 110, 'prev_value': None, 'change': True}
2022-10-23 15:41:56,921 : INFO : EventManager : Event: ======'machine_var_audits_switches_s_popbumber_3'====== Args={'value': 60, 'prev_value': None, 'change': True}
2022-10-23 15:41:56,921 : INFO : EventManager : Event: ======'machine_var_audits_switches_s_ramp'====== Args={'value': 38, 'prev_value': None, 'change': True}
2022-10-23 15:41:56,921 : INFO : EventManager : Event: ======'machine_var_audits_switches_s_right_sling'====== Args={'value': 120, 'prev_value': None, 'change': True}
2022-10-23 15:41:56,921 : INFO : EventManager : Event: ======'machine_var_audits_switches_s_rigth01'====== Args={'value': 59, 'prev_value': None, 'change': True}
2022-10-23 15:41:56,921 : INFO : EventManager : Event: ======'machine_var_audits_switches_s_rigth02'====== Args={'value': 24, 'prev_value': None, 'change': True}
2022-10-23 15:41:56,921 : INFO : EventManager : Event: ======'machine_var_audits_switches_s_rigth03'====== Args={'value': 15, 'prev_value': None, 'change': True}
2022-10-23 15:41:56,922 : INFO : EventManager : Event: ======'machine_var_audits_switches_s_spinner'====== Args={'value': 271, 'prev_value': None, 'change': True}
2022-10-23 15:41:56,922 : INFO : EventManager : Event: ======'machine_var_audits_switches_s_start'====== Args={'value': 3, 'prev_value': None, 'change': True}
2022-10-23 15:41:56,922 : INFO : EventManager : Event: ======'machine_var_audits_switches_s_top'====== Args={'value': 11, 'prev_value': None, 'change': True}
2022-10-23 15:41:56,922 : INFO : EventManager : Event: ======'machine_var_audits_switches_s_toplane1'====== Args={'value': 232, 'prev_value': None, 'change': True}
2022-10-23 15:41:56,922 : INFO : EventManager : Event: ======'machine_var_audits_switches_s_toplane2'====== Args={'value': 139, 'prev_value': None, 'change': True}
2022-10-23 15:41:56,922 : INFO : EventManager : Event: ======'machine_var_audits_switches_s_toplane3'====== Args={'value': 119, 'prev_value': None, 'change': True}
2022-10-23 15:41:56,922 : INFO : EventManager : Event: ======'machine_var_audits_switches_s_trough1'====== Args={'value': 38, 'prev_value': None, 'change': True}
2022-10-23 15:41:56,923 : INFO : EventManager : Event: ======'machine_var_audits_switches_s_trough2'====== Args={'value': 37, 'prev_value': None, 'change': True}
2022-10-23 15:41:56,923 : INFO : EventManager : Event: ======'machine_var_audits_switches_s_trough3'====== Args={'value': 27, 'prev_value': None, 'change': True}
2022-10-23 15:41:56,923 : INFO : EventManager : Event: ======'machine_var_audits_switches_s_trough4'====== Args={'value': 40, 'prev_value': None, 'change': True}
2022-10-23 15:41:56,923 : INFO : EventManager : Event: ======'machine_var_audits_switches_s_trough5'====== Args={'value': 29, 'prev_value': None, 'change': True}
2022-10-23 15:41:56,923 : INFO : EventManager : Event: ======'machine_var_audits_switches_s_trough6'====== Args={'value': 24, 'prev_value': None, 'change': True}
2022-10-23 15:41:56,924 : INFO : EventManager : Event: ======'machine_var_audits_switches_s_trough_jam'====== Args={'value': 27, 'prev_value': None, 'change': True}
2022-10-23 15:41:56,924 : INFO : EventManager : Event: ======'machine_var_audits_switches_s_vukmid'====== Args={'value': 47, 'prev_value': None, 'change': True}
2022-10-23 15:41:56,924 : INFO : EventManager : Event: ======'machine_var_audits_switches_s_vuktop'====== Args={'value': 15, 'prev_value': None, 'change': True}
2022-10-23 15:41:56,925 : INFO : EventManager : Event: ======'init_phase_5'====== Args={}
2022-10-23 15:41:56,932 : INFO : EventManager : Event: ======'init_done'====== Args={}
2022-10-23 15:41:56,932 : INFO : EventManager : Event: ======'machine_reset_phase_1'====== Args={}
2022-10-23 15:41:56,942 : INFO : EventManager : Event: ======'machine_reset_phase_2'====== Args={}
2022-10-23 15:41:56,943 : INFO : EventManager : Event: ======'machine_reset_phase_3'====== Args={}
2022-10-23 15:41:56,943 : INFO : drop_target_bank.db_dropbank : All targets are already up. Will not reset bank.
2022-10-23 15:41:56,943 : INFO : EventManager : Event: ======'reset_complete'====== Args={}
2022-10-23 15:41:56,943 : INFO : EventManager : Event: ======'mode_attract_will_start'====== Args={}
2022-10-23 15:41:56,944 : INFO : EventManager : Event: ======'mode_attract_starting'====== Args={}
2022-10-23 15:41:56,944 : INFO : Mode.attract : Started. Priority: 10
2022-10-23 15:41:56,944 : INFO : EventManager : Event: ======'modes_active_modes_changed'====== Args={}
2022-10-23 15:41:56,944 : INFO : EventManager : Event: ======'mode_attract_started'====== Args={}
2022-10-23 15:41:56,945 : INFO : EventManager : Event: ======'collecting_balls_complete'====== Args={}
2022-10-23 15:41:56,964 : INFO : EventManager : Event: ======'slide_layout_main_created'====== Args={'_from_bcp': True}
2022-10-23 15:41:56,964 : INFO : Machine : Starting the main run loop.
2022-10-23 15:41:56,967 : INFO : EventManager : Event: ======'slide_empty_slide_created'====== Args={'_from_bcp': True}
2022-10-23 15:41:56,970 : INFO : EventManager : Event: ======'slide_empty_slide_created'====== Args={'_from_bcp': True}
2022-10-23 15:41:56,973 : INFO : EventManager : Event: ======'slide_empty_slide_created'====== Args={'_from_bcp': True}
2022-10-23 15:41:56,977 : INFO : EventManager : Event: ======'slide_press_start_created'====== Args={'_from_bcp': True}
2022-10-23 15:41:56,980 : INFO : EventManager : Event: ======'slide_empty_slide_created'====== Args={'_from_bcp': True}
2022-10-23 15:41:56,983 : INFO : EventManager : Event: ======'slide_Title_slide_created'====== Args={'_from_bcp': True}
2022-10-23 15:41:56,986 : INFO : EventManager : Event: ======'slide_empty_slide_created'====== Args={'_from_bcp': True}
2022-10-23 15:41:56,997 : INFO : EventManager : Event: ======'slide_layout_main_active'====== Args={'_from_bcp': True}
2022-10-23 15:41:57,020 : INFO : EventManager : Event: ======'slide_empty_slide_active'====== Args={'_from_bcp': True}
2022-10-23 15:41:57,021 : INFO : EventManager : Event: ======'slide_empty_slide_active'====== Args={'_from_bcp': True}
2022-10-23 15:41:57,021 : INFO : EventManager : Event: ======'slide_empty_slide_active'====== Args={'_from_bcp': True}
2022-10-23 15:41:57,022 : INFO : EventManager : Event: ======'slide_press_start_active'====== Args={'_from_bcp': True}
2022-10-23 15:41:57,023 : INFO : EventManager : Event: ======'slide_empty_slide_active'====== Args={'_from_bcp': True}
2022-10-23 15:41:57,024 : INFO : EventManager : Event: ======'slide_Title_slide_active'====== Args={'_from_bcp': True}
2022-10-23 15:41:57,025 : INFO : EventManager : Event: ======'slide_empty_slide_active'====== Args={'_from_bcp': True}
2022-10-23 15:41:57,166 : INFO : BcpServer : New client connected.
2022-10-23 15:42:01,199 : INFO : SwitchController : <<<<<<< 's_start' active >>>>>>>
2022-10-23 15:42:01,322 : INFO : SwitchController : <<<<<<< 's_start' inactive >>>>>>>
2022-10-23 15:42:01,322 : INFO : EventManager : Event: ======'request_to_start_game'====== Args={}
2022-10-23 15:42:01,324 : INFO : EventManager : Event: ======'game_start'====== Args={'buttons': [], 'hold_time': 0.125}
2022-10-23 15:42:01,324 : INFO : EventManager : Event: ======'mode_game_will_start'====== Args={'buttons': [], 'hold_time': 0.125}
2022-10-23 15:42:01,326 : INFO : EventManager : Event: ======'mode_game_starting'====== Args={'buttons': [], 'hold_time': 0.125}
2022-10-23 15:42:01,326 : INFO : EventManager : Event: ======'mode_attract_will_stop'====== Args={}
2022-10-23 15:42:01,327 : INFO : EventManager : Event: ======'mode_attract_stopping'====== Args={}
2022-10-23 15:42:01,327 : INFO : Mode.attract : Stopped.
2022-10-23 15:42:01,328 : INFO : EventManager : Event: ======'modes_active_modes_changed'====== Args={}
2022-10-23 15:42:01,328 : INFO : EventManager : Event: ======'mode_attract_stopped'====== Args={}
2022-10-23 15:42:01,329 : INFO : EventManager : Event: ======'clear'====== Args={'key': 'attract'}
2022-10-23 15:42:01,329 : INFO : Mode.game : Started. Priority: 20
2022-10-23 15:42:01,329 : INFO : EventManager : Event: ======'modes_active_modes_changed'====== Args={}
2022-10-23 15:42:01,330 : INFO : EventManager : Event: ======'mode_game_started'====== Args={'buttons': [], 'hold_time': 0.125}
2022-10-23 15:42:01,338 : INFO : EventManager : Event: ======'game_will_start'====== Args={}
2022-10-23 15:42:01,341 : INFO : EventManager : Event: ======'game_starting'====== Args={'game': <Mode.game>}
2022-10-23 15:42:01,342 : INFO : EventManager : Event: ======'player_add_request'====== Args={}
2022-10-23 15:42:01,343 : INFO : EventManager : Event: ======'player_will_add'====== Args={'number': 1}
2022-10-23 15:42:01,343 : INFO : EventManager : Event: ======'player_adding'====== Args={'player': <Player 1>, 'number': 1}
2022-10-23 15:42:01,343 : INFO : EventManager : Event: ======'player_added'====== Args={'player': <Player 1>, 'num': 1}
2022-10-23 15:42:01,344 : INFO : Mode.game : Player added successfully. Total players: 1
2022-10-23 15:42:01,344 : INFO : EventManager : Event: ======'player_index'====== Args={'value': 0, 'prev_value': 0, 'change': 0, 'player_num': 1}
2022-10-23 15:42:01,345 : INFO : EventManager : Event: ======'player_number'====== Args={'value': 1, 'prev_value': 1, 'change': 0, 'player_num': 1}
2022-10-23 15:42:01,345 : INFO : EventManager : Event: ======'player_score'====== Args={'value': 0, 'prev_value': 0, 'change': 0, 'player_num': 1}
2022-10-23 15:42:01,346 : INFO : EventManager : Event: ======'game_started'====== Args={}
2022-10-23 15:42:01,363 : INFO : EventManager : Event: ======'player_turn_will_start'====== Args={'player': <Player 1>, 'number': 1}
2022-10-23 15:42:01,366 : INFO : EventManager : Event: ======'slide_layout_main_removed'====== Args={'_from_bcp': True}
2022-10-23 15:42:01,368 : INFO : EventManager : Event: ======'slide_empty_slide_removed'====== Args={'_from_bcp': True}
2022-10-23 15:42:01,368 : INFO : EventManager : Event: ======'slide_empty_slide_removed'====== Args={'_from_bcp': True}
2022-10-23 15:42:01,369 : INFO : EventManager : Event: ======'slide_empty_slide_removed'====== Args={'_from_bcp': True}
2022-10-23 15:42:01,369 : INFO : EventManager : Event: ======'slide_press_start_removed'====== Args={'_from_bcp': True}
2022-10-23 15:42:01,369 : INFO : EventManager : Event: ======'slide_empty_slide_removed'====== Args={'_from_bcp': True}
2022-10-23 15:42:01,370 : INFO : EventManager : Event: ======'slide_Title_slide_removed'====== Args={'_from_bcp': True}
2022-10-23 15:42:01,370 : INFO : EventManager : Event: ======'slide_empty_slide_removed'====== Args={'_from_bcp': True}
2022-10-23 15:42:01,370 : INFO : EventManager : Event: ======'slide_window_blank_active'====== Args={'_from_bcp': True}
2022-10-23 15:42:01,370 : INFO : EventManager : Event: ======'slide_Disp_Player_blank_active'====== Args={'_from_bcp': True}
2022-10-23 15:42:01,370 : INFO : EventManager : Event: ======'slide_Disp_Menu_blank_active'====== Args={'_from_bcp': True}
2022-10-23 15:42:01,371 : INFO : EventManager : Event: ======'slide_Disp_Ball_blank_active'====== Args={'_from_bcp': True}
2022-10-23 15:42:01,371 : INFO : EventManager : Event: ======'slide_Disp_Message_blank_active'====== Args={'_from_bcp': True}
2022-10-23 15:42:01,371 : INFO : EventManager : Event: ======'slide_Disp_Counter_blank_active'====== Args={'_from_bcp': True}
2022-10-23 15:42:01,371 : INFO : EventManager : Event: ======'slide_Disp_Score_blank_active'====== Args={'_from_bcp': True}
2022-10-23 15:42:01,371 : INFO : EventManager : Event: ======'slide_Disp_Icons_blank_active'====== Args={'_from_bcp': True}
2022-10-23 15:42:01,372 : INFO : EventManager : Event: ======'player_turn_starting'====== Args={'player': <Player 1>, 'number': 1}
2022-10-23 15:42:01,372 : INFO : EventManager : Event: ======'player_ball'====== Args={'value': 1, 'prev_value': 0, 'change': 1, 'player_num': 1}
2022-10-23 15:42:01,373 : INFO : EventManager : Event: ======'player_turn_started'====== Args={'player': <Player 1>, 'number': 1}
2022-10-23 15:42:01,373 : INFO : EventManager : Event: ======'ball_will_start'====== Args={'player': 1, 'ball': 1, 'balls_remaining': 2, 'is_extra_ball': False}
2022-10-23 15:42:01,376 : INFO : EventManager : Event: ======'ball_starting'====== Args={'player': 1, 'ball': 1, 'balls_remaining': 2, 'is_extra_ball': False}
2022-10-23 15:42:01,376 : INFO : EventManager : Event: ======'mode_orbit_will_start'====== Args={'queue': <QueuedEvent>, 'player': 1, 'ball': 1, 'balls_remaining': 2, 'is_extra_ball': False}
2022-10-23 15:42:01,377 : INFO : EventManager : Event: ======'player_shot_spinner_enabled'====== Args={'value': True, 'prev_value': 0, 'change': 1, 'player_num': 1}
2022-10-23 15:42:01,377 : INFO : EventManager : Event: ======'player_shot_orbit_enabled'====== Args={'value': True, 'prev_value': 0, 'change': 1, 'player_num': 1}
2022-10-23 15:42:01,377 : INFO : EventManager : Event: ======'mode_orbit_starting'====== Args={'queue': <QueuedEvent>, 'player': 1, 'ball': 1, 'balls_remaining': 2, 'is_extra_ball': False}
2022-10-23 15:42:01,378 : INFO : EventManager : Event: ======'mode_base_will_start'====== Args={'queue': <QueuedEvent>, 'player': 1, 'ball': 1, 'balls_remaining': 2, 'is_extra_ball': False}
2022-10-23 15:42:01,378 : INFO : EventManager : Event: ======'mode_base_starting'====== Args={'queue': <QueuedEvent>, 'player': 1, 'ball': 1, 'balls_remaining': 2, 'is_extra_ball': False}
2022-10-23 15:42:01,378 : INFO : drop_target_bank.db_dropbank : All targets are already up. Will not reset bank.
2022-10-23 15:42:01,378 : INFO : Mode.base : Started. Priority: 100
2022-10-23 15:42:01,378 : INFO : EventManager : Event: ======'modes_active_modes_changed'====== Args={}
2022-10-23 15:42:01,379 : INFO : EventManager : Event: ======'mode_base_started'====== Args={'queue': <QueuedEvent>, 'player': 1, 'ball': 1, 'balls_remaining': 2, 'is_extra_ball': False}
2022-10-23 15:42:01,379 : INFO : Mode.orbit : Started. Priority: 101
2022-10-23 15:42:01,379 : INFO : EventManager : Event: ======'modes_active_modes_changed'====== Args={}
2022-10-23 15:42:01,379 : INFO : EventManager : Event: ======'mode_orbit_started'====== Args={'queue': <QueuedEvent>, 'player': 1, 'ball': 1, 'balls_remaining': 2, 'is_extra_ball': False}
2022-10-23 15:42:01,380 : INFO : EventManager : Event: ======'balls_in_play'====== Args={'balls': 1}
2022-10-23 15:42:01,380 : INFO : EventManager : Event: ======'ball_started'====== Args={'player': 1, 'ball': 1, 'balls_remaining': 2, 'is_extra_ball': False}
2022-10-23 15:42:01,380 : INFO : EventManager : Event: ======'mode_lanes_will_start'====== Args={'player': 1, 'ball': 1, 'balls_remaining': 2, 'is_extra_ball': False}
2022-10-23 15:42:01,381 : INFO : EventManager : Event: ======'player_shot_lane_top_1_enabled'====== Args={'value': True, 'prev_value': 0, 'change': 1, 'player_num': 1}
2022-10-23 15:42:01,381 : ERROR : asyncio : Exception in callback EventManager.process_event_queue()
handle: <Handle EventManager.process_event_queue()>
Traceback (most recent call last):
  File "C:\Users\dorus\AppData\Local\Programs\Python\Python38\lib\site-packages\mpf\core\events.py", line 695, in _run_handlers
    result = handler.callback(**merged_kwargs)
  File "C:\Users\dorus\AppData\Local\Programs\Python\Python38\lib\site-packages\mpf\core\mode.py", line 191, in start
    self._add_mode_devices()
  File "C:\Users\dorus\AppData\Local\Programs\Python\Python38\lib\site-packages\mpf\core\mode.py", line 401, in _add_mode_devices
    device.device_loaded_in_mode(mode=self, player=self.player)
  File "C:\Users\dorus\AppData\Local\Programs\Python\Python38\lib\site-packages\mpf\devices\shot.py", line 65, in device_loaded_in_mode
    self._update_show()
  File "C:\Users\dorus\AppData\Local\Programs\Python\Python38\lib\site-packages\mpf\devices\shot.py", line 203, in _update_show
    self._play_show(settings=state_settings)
  File "C:\Users\dorus\AppData\Local\Programs\Python\Python38\lib\site-packages\mpf\devices\shot.py", line 257, in _play_show
    self.running_show = self.machine.show_controller.replace_or_advance_show(self.running_show, show_config,
  File "C:\Users\dorus\AppData\Local\Programs\Python\Python38\lib\site-packages\mpf\core\show_controller.py", line 133, in replace_or_advance_show
    return show_obj.play_with_config(
  File "C:\Users\dorus\AppData\Local\Programs\Python\Python38\lib\site-packages\mpf\assets\show.py", line 292, in play_with_config
    running_show = RunningShow(machine=self.machine,
  File "C:\Users\dorus\AppData\Local\Programs\Python\Python38\lib\site-packages\mpf\assets\show.py", line 519, in __init__
    self.show_steps = self.show.get_show_steps_with_token(self.show_config.show_tokens)
  File "C:\Users\dorus\AppData\Local\Programs\Python\Python38\lib\site-packages\mpf\assets\show.py", line 425, in get_show_steps_with_token
    step[key] = self.machine.show_controller.show_players[key].expand_config_entry(value)
  File "C:\Users\dorus\AppData\Local\Programs\Python\Python38\lib\site-packages\mpf\config_players\device_config_player.py", line 27, in expand_config_entry
    devices = self._expand_device(device)
  File "C:\Users\dorus\AppData\Local\Programs\Python\Python38\lib\site-packages\mpf\config_players\device_config_player.py", line 115, in _expand_device
    return self.raise_config_error(
  File "C:\Users\dorus\AppData\Local\Programs\Python\Python38\lib\site-packages\mpf\core\logging.py", line 172, in raise_config_error
    raise ConfigFileError(msg, error_no, self.log.name if self.log else "", context, self._url_base) \
mpf.exceptions.config_file_error.ConfigFileError: Config File Error in light_player: Could not find a lights device with name or tag led1, from list ['led1'] Error Code: CFE-light_player-101 (https://docs.missionpinball.org/en/0.55/logs/CFE-light_player-101.html)

The above exception was the direct cause of the following exception:

Traceback (most recent call last):
  File "C:\Users\dorus\AppData\Local\Programs\Python\Python38\lib\asyncio\events.py", line 81, in _run
    self._context.run(self._callback, *self._args)
  File "C:\Users\dorus\AppData\Local\Programs\Python\Python38\lib\site-packages\mpf\core\events.py", line 779, in process_event_queue
    self._process_event(event=event[0],
  File "C:\Users\dorus\AppData\Local\Programs\Python\Python38\lib\site-packages\mpf\core\events.py", line 741, in _process_event
    result = self._run_handlers(event, ev_type, kwargs)
  File "C:\Users\dorus\AppData\Local\Programs\Python\Python38\lib\site-packages\mpf\core\events.py", line 697, in _run_handlers
    raise Exception("Exception while processing {} for event {}. {}".format(handler, event, e)) from e
Exception: Exception while processing RegisteredHandler(callback=<bound method Mode.start of <Mode.lanes>>, priority=110, kwargs={}, key=UUID('151efd30-9ccf-4472-9310-686496fec60b'), condition=None, blocking_facility=None) for event ball_started. Config File Error in light_player: Could not find a lights device with name or tag led1, from list ['led1'] Error Code: CFE-light_player-101 (https://docs.missionpinball.org/en/0.55/logs/CFE-light_player-101.html)
2022-10-23 15:42:01,403 : INFO : EventManager : Event: ======'slide_layout_main_created'====== Args={'_from_bcp': True}
2022-10-23 15:42:01,403 : INFO : EventManager : Event: ======'slide_player_slide_created'====== Args={'_from_bcp': True}
2022-10-23 15:42:01,403 : INFO : EventManager : Event: ======'slide_empty_slide_created'====== Args={'_from_bcp': True}
2022-10-23 15:42:01,405 : INFO : Machine : Shutting down...
2022-10-23 15:42:01,405 : INFO : EventManager : Event: ======'shutdown'====== Args={}
2022-10-23 15:42:01,408 : ERROR : Machine : Runtime Exception
Traceback (most recent call last):
  File "C:\Users\dorus\AppData\Local\Programs\Python\Python38\lib\site-packages\mpf\core\events.py", line 695, in _run_handlers
    result = handler.callback(**merged_kwargs)
  File "C:\Users\dorus\AppData\Local\Programs\Python\Python38\lib\site-packages\mpf\core\mode.py", line 191, in start
    self._add_mode_devices()
  File "C:\Users\dorus\AppData\Local\Programs\Python\Python38\lib\site-packages\mpf\core\mode.py", line 401, in _add_mode_devices
    device.device_loaded_in_mode(mode=self, player=self.player)
  File "C:\Users\dorus\AppData\Local\Programs\Python\Python38\lib\site-packages\mpf\devices\shot.py", line 65, in device_loaded_in_mode
    self._update_show()
  File "C:\Users\dorus\AppData\Local\Programs\Python\Python38\lib\site-packages\mpf\devices\shot.py", line 203, in _update_show
    self._play_show(settings=state_settings)
  File "C:\Users\dorus\AppData\Local\Programs\Python\Python38\lib\site-packages\mpf\devices\shot.py", line 257, in _play_show
    self.running_show = self.machine.show_controller.replace_or_advance_show(self.running_show, show_config,
  File "C:\Users\dorus\AppData\Local\Programs\Python\Python38\lib\site-packages\mpf\core\show_controller.py", line 133, in replace_or_advance_show
    return show_obj.play_with_config(
  File "C:\Users\dorus\AppData\Local\Programs\Python\Python38\lib\site-packages\mpf\assets\show.py", line 292, in play_with_config
    running_show = RunningShow(machine=self.machine,
  File "C:\Users\dorus\AppData\Local\Programs\Python\Python38\lib\site-packages\mpf\assets\show.py", line 519, in __init__
    self.show_steps = self.show.get_show_steps_with_token(self.show_config.show_tokens)
  File "C:\Users\dorus\AppData\Local\Programs\Python\Python38\lib\site-packages\mpf\assets\show.py", line 425, in get_show_steps_with_token
    step[key] = self.machine.show_controller.show_players[key].expand_config_entry(value)
  File "C:\Users\dorus\AppData\Local\Programs\Python\Python38\lib\site-packages\mpf\config_players\device_config_player.py", line 27, in expand_config_entry
    devices = self._expand_device(device)
  File "C:\Users\dorus\AppData\Local\Programs\Python\Python38\lib\site-packages\mpf\config_players\device_config_player.py", line 115, in _expand_device
    return self.raise_config_error(
  File "C:\Users\dorus\AppData\Local\Programs\Python\Python38\lib\site-packages\mpf\core\logging.py", line 172, in raise_config_error
    raise ConfigFileError(msg, error_no, self.log.name if self.log else "", context, self._url_base) \
mpf.exceptions.config_file_error.ConfigFileError: Config File Error in light_player: Could not find a lights device with name or tag led1, from list ['led1'] Error Code: CFE-light_player-101 (https://docs.missionpinball.org/en/0.55/logs/CFE-light_player-101.html)

The above exception was the direct cause of the following exception:

Traceback (most recent call last):
  File "C:\Users\dorus\AppData\Local\Programs\Python\Python38\lib\site-packages\mpf\core\machine.py", line 769, in _run_loop
    raise self._exception['exception']
  File "C:\Users\dorus\AppData\Local\Programs\Python\Python38\lib\asyncio\events.py", line 81, in _run
    self._context.run(self._callback, *self._args)
  File "C:\Users\dorus\AppData\Local\Programs\Python\Python38\lib\site-packages\mpf\core\events.py", line 779, in process_event_queue
    self._process_event(event=event[0],
  File "C:\Users\dorus\AppData\Local\Programs\Python\Python38\lib\site-packages\mpf\core\events.py", line 741, in _process_event
    result = self._run_handlers(event, ev_type, kwargs)
  File "C:\Users\dorus\AppData\Local\Programs\Python\Python38\lib\site-packages\mpf\core\events.py", line 697, in _run_handlers
    raise Exception("Exception while processing {} for event {}. {}".format(handler, event, e)) from e
Exception: Exception while processing RegisteredHandler(callback=<bound method Mode.start of <Mode.lanes>>, priority=110, kwargs={}, key=UUID('151efd30-9ccf-4472-9310-686496fec60b'), condition=None, blocking_facility=None) for event ball_started. Config File Error in light_player: Could not find a lights device with name or tag led1, from list ['led1'] Error Code: CFE-light_player-101 (https://docs.missionpinball.org/en/0.55/logs/CFE-light_player-101.html)
2022-10-23 15:42:01,573 : INFO : crash_reporter : Will not report crash as "report_crashes" mode is "never"
2022-10-23 15:42:01,574 : INFO : root : MPF run loop ended.
