2022-10-01 20:17:45,938 : INFO : root : Loading config.
2022-10-01 20:17:45,942 : INFO : YamlMultifileConfigLoader : Machine config file #1: config.yaml
2022-10-01 20:17:45,943 : INFO : ConfigProcessor : Loading config from cache: C:\Users\dorus\AppData\Local\Temp\e58a4b50dd07e9e66a1a779c252c0c34.mpf_cache
2022-10-01 20:17:46,045 : WARNING : ConfigProcessor : Config file in cache changed: C:\pinball\Pinball-MPF\mpfv1\modes\attract\config\attract.yaml
2022-10-01 20:17:46,045 : INFO : ConfigProcessor : Loading config from file C:\Users\dorus\AppData\Local\Programs\Python\Python38\lib\site-packages\mpf\modes\attract\config\attract.yaml.
2022-10-01 20:17:46,053 : INFO : ConfigProcessor : Loading config: C:\Users\dorus\AppData\Local\Programs\Python\Python38\lib\site-packages\mpf\modes\attract\config\attract.yaml
2022-10-01 20:17:46,053 : INFO : ConfigProcessor : Loading config from file C:\pinball\Pinball-MPF\mpfv1\modes\attract\config\attract.yaml.
2022-10-01 20:17:46,062 : INFO : ConfigProcessor : Loading config: C:\pinball\Pinball-MPF\mpfv1\modes\attract\config\attract.yaml
2022-10-01 20:17:46,063 : INFO : ConfigProcessor : Config file cache created: C:\Users\dorus\AppData\Local\Temp\444cf03b543d197e203cfa23af3f8fc0.mpf_cache
2022-10-01 20:17:46,063 : INFO : ConfigProcessor : Loading config from cache: C:\Users\dorus\AppData\Local\Temp\336e6d2601ccb63523c70814805acbf1.mpf_cache
2022-10-01 20:17:46,064 : INFO : ConfigProcessor : Loading config from cache: C:\Users\dorus\AppData\Local\Temp\997bf01789d16ed996f231036966dd64.mpf_cache
2022-10-01 20:17:46,065 : INFO : ConfigProcessor : Loading config from cache: C:\Users\dorus\AppData\Local\Temp\99703a5eb7b45595525b767565d37410.mpf_cache
2022-10-01 20:17:46,066 : INFO : ConfigProcessor : Loading config from cache: C:\Users\dorus\AppData\Local\Temp\3bda3283678547d211760e16eb23b4da.mpf_cache
2022-10-01 20:17:46,067 : INFO : ConfigProcessor : Loading config from cache: C:\Users\dorus\AppData\Local\Temp\9bc560b11d83fb4ed736b388b885a5d3.mpf_cache
2022-10-01 20:17:46,068 : INFO : Machine : Mission Pinball Framework Core Engine v0.55.0
2022-10-01 20:17:46,068 : INFO : Machine : Command line arguments: {'no_load_cache': False, 'create_config_cache': True, 'bcp': True, 'configfile': ['config.yaml'], 'force_assets_load': False, 'jsonlogging': False, 'logfile': 'logs\\2022-10-01-20-17-45-mpf-LAPTOP-AS8QDAQG.log', 'pause': False, 'production': False, 'text_ui': True, 'loglevel': 15, 'consoleloglevel': 20, 'force_platform': 'smart_virtual', 'syslog_address': None, 'mc_file_name': None, 'no_sound': False}
2022-10-01 20:17:46,068 : INFO : Machine : MPF path: C:\Users\dorus\AppData\Local\Programs\Python\Python38\lib\site-packages\mpf
2022-10-01 20:17:46,068 : INFO : Machine : Machine path: C:\pinball\Pinball-MPF\mpfv1
2022-10-01 20:17:46,068 : INFO : Machine : Platform: win32
2022-10-01 20:17:46,068 : INFO : Machine : Python executable location: C:\Users\dorus\AppData\Local\Programs\Python\Python38\python.exe
2022-10-01 20:17:46,068 : INFO : Machine : Python version: 3.8.10 (64-bit)
2022-10-01 20:17:46,070 : INFO : Machine : Initialise MPF.
2022-10-01 20:17:46,213 : INFO : EventManager : Event: ======'machine_var_credits_string'====== Args={'value': 'FREE PLAY', 'prev_value': None, 'change': True}
2022-10-01 20:17:46,260 : INFO : EventManager : Event: ======'machine_var_master_volume'====== Args={'value': 0.5, 'prev_value': None, 'change': True}
2022-10-01 20:17:46,260 : INFO : EventManager : Event: ======'machine_var_player1_score'====== Args={'value': 33100, 'prev_value': None, 'change': True}
2022-10-01 20:17:46,260 : INFO : EventManager : Event: ======'machine_var_mpf_version'====== Args={'value': 'MPF v0.55.0', 'prev_value': None, 'change': True}
2022-10-01 20:17:46,260 : INFO : EventManager : Event: ======'machine_var_mpf_extended_version'====== Args={'value': 'MPF v0.55.0, Config version:5, Show version: 5, BCP version:1.1', 'prev_value': None, 'change': True}
2022-10-01 20:17:46,260 : INFO : EventManager : Event: ======'machine_var_python_version'====== Args={'value': '3.8.10', 'prev_value': None, 'change': True}
2022-10-01 20:17:46,270 : INFO : EventManager : Event: ======'machine_var_platform'====== Args={'value': 'Windows-10-10.0.19044-SP0', 'prev_value': None, 'change': True}
2022-10-01 20:17:46,271 : INFO : EventManager : Event: ======'machine_var_platform_system'====== Args={'value': 'Windows', 'prev_value': None, 'change': True}
2022-10-01 20:17:46,271 : INFO : EventManager : Event: ======'machine_var_platform_release'====== Args={'value': '10', 'prev_value': None, 'change': True}
2022-10-01 20:17:46,271 : INFO : EventManager : Event: ======'machine_var_platform_version'====== Args={'value': '10.0.19044', 'prev_value': None, 'change': True}
2022-10-01 20:17:46,271 : INFO : EventManager : Event: ======'machine_var_platform_machine'====== Args={'value': 'AMD64', 'prev_value': None, 'change': True}
2022-10-01 20:17:46,271 : INFO : EventManager : Event: ======'init_phase_1'====== Args={}
2022-10-01 20:17:46,290 : INFO : EventManager : Event: ======'drop_target_bank_db_dropbank_up'====== Args={}
2022-10-01 20:17:46,291 : INFO : EventManager : Event: ======'init_phase_2'====== Args={}
2022-10-01 20:17:46,291 : INFO : SwitchController : Found active switch: ('2-0-19', <Platform.SmartVirtual>) <switch.s_trough1>
2022-10-01 20:17:46,291 : INFO : SwitchController : Found active switch: ('2-0-20', <Platform.SmartVirtual>) <switch.s_trough2>
2022-10-01 20:17:46,291 : INFO : SwitchController : Found active switch: ('2-0-21', <Platform.SmartVirtual>) <switch.s_trough3>
2022-10-01 20:17:46,291 : INFO : SwitchController : Found active switch: ('2-0-22', <Platform.SmartVirtual>) <switch.s_trough4>
2022-10-01 20:17:46,294 : INFO : EventManager : Event: ======'bcp_connection_attempt'====== Args={'name': 'local_display', 'host': 'localhost', 'port': 5050}
2022-10-01 20:17:46,296 : INFO : BCPClientSocket : Connecting BCP to 'local_display' at localhost:5050...
2022-10-01 20:17:48,340 : INFO : BCPClientSocket : Connected BCP to 'local_display' localhost:5050
2022-10-01 20:17:48,341 : INFO : EventManager : Event: ======'bcp_clients_connected'====== Args={}
2022-10-01 20:17:48,350 : INFO : ball_device.bd_trough : BCH: Initial count: 4
2022-10-01 20:17:48,350 : INFO : ball_device.bd_trough : State: idle
2022-10-01 20:17:48,352 : INFO : EventManager : Event: ======'machine_var_mc_version'====== Args={'value': 'MPF-MC v0.55.0', 'prev_value': None, 'change': True}
2022-10-01 20:17:48,352 : INFO : EventManager : Event: ======'machine_var_mc_extended_version'====== Args={'value': 'MPF-MC v0.55.0 (config_version=5, BCP v1.1, Requires MPF v0.55.0-dev.49)', 'prev_value': None, 'change': True}
2022-10-01 20:17:48,365 : INFO : ball_device.bd_plunger : BCH: Initial count: 0
2022-10-01 20:17:48,366 : INFO : ball_device.bd_plunger : State: idle
2022-10-01 20:17:48,366 : INFO : ball_device.bd_vukmid : BCH: Initial count: 0
2022-10-01 20:17:48,366 : INFO : ball_device.bd_vukmid : State: idle
2022-10-01 20:17:48,367 : INFO : ball_device.bd_vuktop : BCH: Initial count: 0
2022-10-01 20:17:48,367 : INFO : ball_device.bd_vuktop : State: idle
2022-10-01 20:17:48,447 : INFO : EventManager : Event: ======'init_phase_3'====== Args={}
2022-10-01 20:17:48,449 : INFO : EventManager : Event: ======'init_phase_4'====== Args={}
2022-10-01 20:17:48,449 : INFO : EventManager : Event: ======'playfield_active'====== Args={}
2022-10-01 20:17:48,449 : INFO : EventManager : Event: ======'unexpected_ball_on_playfield'====== Args={}
2022-10-01 20:17:48,449 : INFO : EventManager : Event: ======'playfield_active'====== Args={}
2022-10-01 20:17:48,449 : INFO : EventManager : Event: ======'unexpected_ball_on_playfield'====== Args={}
2022-10-01 20:17:48,449 : INFO : EventManager : Event: ======'playfield_active'====== Args={}
2022-10-01 20:17:48,449 : INFO : EventManager : Event: ======'unexpected_ball_on_playfield'====== Args={}
2022-10-01 20:17:48,449 : INFO : BallController : Initial balls found: 4
2022-10-01 20:17:48,450 : INFO : EventManager : Event: ======'machine_var_audits_events_game_ended'====== Args={'value': 0, 'prev_value': None, 'change': True}
2022-10-01 20:17:48,450 : INFO : EventManager : Event: ======'machine_var_audits_events_game_started'====== Args={'value': 0, 'prev_value': None, 'change': True}
2022-10-01 20:17:48,450 : INFO : EventManager : Event: ======'machine_var_audits_player_score'====== Args={'value': {'average': 26575.0, 'top': [41000, 33100, 31800, 31200, 27600, 20200, 17500, 10200], 'total': 8}, 'prev_value': None, 'change': True}
2022-10-01 20:17:48,451 : INFO : EventManager : Event: ======'machine_var_audits_shots_lane_top_1'====== Args={'value': 124, 'prev_value': None, 'change': True}
2022-10-01 20:17:48,451 : INFO : EventManager : Event: ======'machine_var_audits_shots_lane_top_2'====== Args={'value': 119, 'prev_value': None, 'change': True}
2022-10-01 20:17:48,451 : INFO : EventManager : Event: ======'machine_var_audits_shots_lane_top_3'====== Args={'value': 99, 'prev_value': None, 'change': True}
2022-10-01 20:17:48,451 : INFO : EventManager : Event: ======'machine_var_audits_shots_orbit'====== Args={'value': 23, 'prev_value': None, 'change': True}
2022-10-01 20:17:48,451 : INFO : EventManager : Event: ======'machine_var_audits_shots_spinner'====== Args={'value': 178, 'prev_value': None, 'change': True}
2022-10-01 20:17:48,451 : INFO : EventManager : Event: ======'machine_var_audits_switches_s_bottomlane1'====== Args={'value': 12, 'prev_value': None, 'change': True}
2022-10-01 20:17:48,451 : INFO : EventManager : Event: ======'machine_var_audits_switches_s_bottomlane2'====== Args={'value': 26, 'prev_value': None, 'change': True}
2022-10-01 20:17:48,451 : INFO : EventManager : Event: ======'machine_var_audits_switches_s_bottomlane3'====== Args={'value': 24, 'prev_value': None, 'change': True}
2022-10-01 20:17:48,452 : INFO : EventManager : Event: ======'machine_var_audits_switches_s_bottomlane4'====== Args={'value': 32, 'prev_value': None, 'change': True}
2022-10-01 20:17:48,452 : INFO : EventManager : Event: ======'machine_var_audits_switches_s_bottomlane5'====== Args={'value': 10, 'prev_value': None, 'change': True}
2022-10-01 20:17:48,452 : INFO : EventManager : Event: ======'machine_var_audits_switches_s_drop1'====== Args={'value': 35, 'prev_value': None, 'change': True}
2022-10-01 20:17:48,452 : INFO : EventManager : Event: ======'machine_var_audits_switches_s_drop2'====== Args={'value': 17, 'prev_value': None, 'change': True}
2022-10-01 20:17:48,452 : INFO : EventManager : Event: ======'machine_var_audits_switches_s_drop3'====== Args={'value': 15, 'prev_value': None, 'change': True}
2022-10-01 20:17:48,452 : INFO : EventManager : Event: ======'machine_var_audits_switches_s_launch'====== Args={'value': 11, 'prev_value': None, 'change': True}
2022-10-01 20:17:48,452 : INFO : EventManager : Event: ======'machine_var_audits_switches_s_left01'====== Args={'value': 26, 'prev_value': None, 'change': True}
2022-10-01 20:17:48,452 : INFO : EventManager : Event: ======'machine_var_audits_switches_s_left02'====== Args={'value': 27, 'prev_value': None, 'change': True}
2022-10-01 20:17:48,453 : INFO : EventManager : Event: ======'machine_var_audits_switches_s_left03'====== Args={'value': 20, 'prev_value': None, 'change': True}
2022-10-01 20:17:48,453 : INFO : EventManager : Event: ======'machine_var_audits_switches_s_left_sling'====== Args={'value': 51, 'prev_value': None, 'change': True}
2022-10-01 20:17:48,453 : INFO : EventManager : Event: ======'machine_var_audits_switches_s_orbit1'====== Args={'value': 45, 'prev_value': None, 'change': True}
2022-10-01 20:17:48,453 : INFO : EventManager : Event: ======'machine_var_audits_switches_s_orbit2'====== Args={'value': 0, 'prev_value': None, 'change': True}
2022-10-01 20:17:48,453 : INFO : EventManager : Event: ======'machine_var_audits_switches_s_plunger_lane'====== Args={'value': 87, 'prev_value': None, 'change': True}
2022-10-01 20:17:48,453 : INFO : EventManager : Event: ======'machine_var_audits_switches_s_popbumber_1'====== Args={'value': 52, 'prev_value': None, 'change': True}
2022-10-01 20:17:48,453 : INFO : EventManager : Event: ======'machine_var_audits_switches_s_popbumber_2'====== Args={'value': 82, 'prev_value': None, 'change': True}
2022-10-01 20:17:48,454 : INFO : EventManager : Event: ======'machine_var_audits_switches_s_popbumber_3'====== Args={'value': 31, 'prev_value': None, 'change': True}
2022-10-01 20:17:48,454 : INFO : EventManager : Event: ======'machine_var_audits_switches_s_ramp'====== Args={'value': 34, 'prev_value': None, 'change': True}
2022-10-01 20:17:48,454 : INFO : EventManager : Event: ======'machine_var_audits_switches_s_right_sling'====== Args={'value': 103, 'prev_value': None, 'change': True}
2022-10-01 20:17:48,454 : INFO : EventManager : Event: ======'machine_var_audits_switches_s_rigth01'====== Args={'value': 54, 'prev_value': None, 'change': True}
2022-10-01 20:17:48,454 : INFO : EventManager : Event: ======'machine_var_audits_switches_s_rigth02'====== Args={'value': 23, 'prev_value': None, 'change': True}
2022-10-01 20:17:48,454 : INFO : EventManager : Event: ======'machine_var_audits_switches_s_rigth03'====== Args={'value': 14, 'prev_value': None, 'change': True}
2022-10-01 20:17:48,454 : INFO : EventManager : Event: ======'machine_var_audits_switches_s_spinner'====== Args={'value': 271, 'prev_value': None, 'change': True}
2022-10-01 20:17:48,455 : INFO : EventManager : Event: ======'machine_var_audits_switches_s_start'====== Args={'value': 0, 'prev_value': None, 'change': True}
2022-10-01 20:17:48,455 : INFO : EventManager : Event: ======'machine_var_audits_switches_s_top'====== Args={'value': 11, 'prev_value': None, 'change': True}
2022-10-01 20:17:48,455 : INFO : EventManager : Event: ======'machine_var_audits_switches_s_toplane1'====== Args={'value': 211, 'prev_value': None, 'change': True}
2022-10-01 20:17:48,455 : INFO : EventManager : Event: ======'machine_var_audits_switches_s_toplane2'====== Args={'value': 126, 'prev_value': None, 'change': True}
2022-10-01 20:17:48,455 : INFO : EventManager : Event: ======'machine_var_audits_switches_s_toplane3'====== Args={'value': 106, 'prev_value': None, 'change': True}
2022-10-01 20:17:48,455 : INFO : EventManager : Event: ======'machine_var_audits_switches_s_trough1'====== Args={'value': 31, 'prev_value': None, 'change': True}
2022-10-01 20:17:48,456 : INFO : EventManager : Event: ======'machine_var_audits_switches_s_trough2'====== Args={'value': 34, 'prev_value': None, 'change': True}
2022-10-01 20:17:48,456 : INFO : EventManager : Event: ======'machine_var_audits_switches_s_trough3'====== Args={'value': 26, 'prev_value': None, 'change': True}
2022-10-01 20:17:48,456 : INFO : EventManager : Event: ======'machine_var_audits_switches_s_trough4'====== Args={'value': 39, 'prev_value': None, 'change': True}
2022-10-01 20:17:48,456 : INFO : EventManager : Event: ======'machine_var_audits_switches_s_trough5'====== Args={'value': 25, 'prev_value': None, 'change': True}
2022-10-01 20:17:48,456 : INFO : EventManager : Event: ======'machine_var_audits_switches_s_trough6'====== Args={'value': 24, 'prev_value': None, 'change': True}
2022-10-01 20:17:48,457 : INFO : EventManager : Event: ======'machine_var_audits_switches_s_trough_jam'====== Args={'value': 26, 'prev_value': None, 'change': True}
2022-10-01 20:17:48,457 : INFO : EventManager : Event: ======'machine_var_audits_switches_s_vukmid'====== Args={'value': 43, 'prev_value': None, 'change': True}
2022-10-01 20:17:48,457 : INFO : EventManager : Event: ======'machine_var_audits_switches_s_vuktop'====== Args={'value': 9, 'prev_value': None, 'change': True}
2022-10-01 20:17:48,458 : INFO : EventManager : Event: ======'init_phase_5'====== Args={}
2022-10-01 20:17:48,466 : INFO : EventManager : Event: ======'init_done'====== Args={}
2022-10-01 20:17:48,467 : INFO : EventManager : Event: ======'machine_reset_phase_1'====== Args={}
2022-10-01 20:17:48,478 : INFO : EventManager : Event: ======'slide_welcome_slide_removed'====== Args={'_from_bcp': True}
2022-10-01 20:17:48,479 : INFO : EventManager : Event: ======'slide_welcome_slide_created'====== Args={'_from_bcp': True}
2022-10-01 20:17:48,480 : INFO : EventManager : Event: ======'slide_welcome_slide_active'====== Args={'_from_bcp': True}
2022-10-01 20:17:48,480 : INFO : EventManager : Event: ======'machine_reset_phase_2'====== Args={}
2022-10-01 20:17:48,481 : INFO : EventManager : Event: ======'machine_reset_phase_3'====== Args={}
2022-10-01 20:17:48,481 : INFO : drop_target_bank.db_dropbank : All targets are already up. Will not reset bank.
2022-10-01 20:17:48,481 : INFO : EventManager : Event: ======'reset_complete'====== Args={}
2022-10-01 20:17:48,482 : INFO : EventManager : Event: ======'mode_attract_will_start'====== Args={}
2022-10-01 20:17:48,483 : INFO : EventManager : Event: ======'mode_attract_starting'====== Args={}
2022-10-01 20:17:48,483 : INFO : Mode.attract : Started. Priority: 10
2022-10-01 20:17:48,484 : INFO : EventManager : Event: ======'modes_active_modes_changed'====== Args={}
2022-10-01 20:17:48,484 : INFO : EventManager : Event: ======'mode_attract_started'====== Args={}
2022-10-01 20:17:48,485 : ERROR : asyncio : Exception in callback EventManager.process_event_queue()
handle: <Handle EventManager.process_event_queue()>
Traceback (most recent call last):
  File "C:\Users\dorus\AppData\Local\Programs\Python\Python38\lib\site-packages\mpf\core\show_controller.py", line 128, in replace_or_advance_show
    show_obj = self.machine.shows[config.name]
KeyError: 'rainbow'

During handling of the above exception, another exception occurred:

Traceback (most recent call last):
  File "C:\Users\dorus\AppData\Local\Programs\Python\Python38\lib\site-packages\mpf\core\events.py", line 695, in _run_handlers
    result = handler.callback(**merged_kwargs)
  File "C:\Users\dorus\AppData\Local\Programs\Python\Python38\lib\site-packages\mpf\core\config_player.py", line 328, in config_play_callback
    return self.play(settings=settings, context=context, calling_context=calling_context, priority=priority,
  File "C:\Users\dorus\AppData\Local\Programs\Python\Python38\lib\site-packages\mpf\config_players\show_player.py", line 60, in play
    self._update_show(show.name, show_settings, context, queue, start_time, show_tokens)
  File "C:\Users\dorus\AppData\Local\Programs\Python\Python38\lib\site-packages\mpf\config_players\show_player.py", line 224, in _update_show
    action(key, instance_dict, show_name, show_settings, queue, start_time, placeholder_args)
  File "C:\Users\dorus\AppData\Local\Programs\Python\Python38\lib\site-packages\mpf\config_players\show_player.py", line 116, in _play
    instance_dict[key] = self.machine.show_controller.replace_or_advance_show(previous_show, show_config,
  File "C:\Users\dorus\AppData\Local\Programs\Python\Python38\lib\site-packages\mpf\core\show_controller.py", line 130, in replace_or_advance_show
    raise KeyError("Cannot play show '{}'. No show with that "
KeyError: "Cannot play show 'rainbow'. No show with that name."

The above exception was the direct cause of the following exception:

Traceback (most recent call last):
  File "C:\Users\dorus\AppData\Local\Programs\Python\Python38\lib\asyncio\events.py", line 81, in _run
    self._context.run(self._callback, *self._args)
  File "C:\Users\dorus\AppData\Local\Programs\Python\Python38\lib\site-packages\mpf\core\events.py", line 779, in process_event_queue
    self._process_event(event=event[0],
  File "C:\Users\dorus\AppData\Local\Programs\Python\Python38\lib\site-packages\mpf\core\events.py", line 741, in _process_event
    result = self._run_handlers(event, ev_type, kwargs)
  File "C:\Users\dorus\AppData\Local\Programs\Python\Python38\lib\site-packages\mpf\core\events.py", line 697, in _run_handlers
    raise Exception("Exception while processing {} for event {}. {}".format(handler, event, e)) from e
Exception: Exception while processing RegisteredHandler(callback=<bound method ConfigPlayer.config_play_callback of ConfigPlayer.show_player/shows>, priority=11, kwargs={'calling_context': 'mode_attract_started.1', 'mode': <Mode.attract>, 'settings': {rainbow-None-None: {'show_tokens': {'leds': <NativeTemplate led1, led2, led3>}, 'priority': 0, 'action': 'play', 'show': None, 'speed': 1.0, 'block_queue': False, 'start_step': <NativeTemplate 1>, 'start_running': <Template True>, 'loops': -1, 'sync_ms': None, 'manual_advance': False, 'show_queue': None, 'key': None, 'events_when_played': [], 'events_when_stopped': [], 'events_when_looped': [], 'events_when_paused': [], 'events_when_resumed': [], 'events_when_advanced': [], 'events_when_stepped_back': [], 'events_when_updated': [], 'events_when_completed': []}}}, key=UUID('fba0ecce-faea-42cb-9250-c615639d67ee'), condition=None, blocking_facility=None) for event mode_attract_started. "Cannot play show 'rainbow'. No show with that name."
2022-10-01 20:17:48,511 : INFO : Machine : Starting the main run loop.
2022-10-01 20:17:48,516 : INFO : Machine : Shutting down...
2022-10-01 20:17:48,517 : INFO : EventManager : Event: ======'shutdown'====== Args={}
2022-10-01 20:17:48,520 : ERROR : Machine : Runtime Exception
Traceback (most recent call last):
  File "C:\Users\dorus\AppData\Local\Programs\Python\Python38\lib\site-packages\mpf\core\show_controller.py", line 128, in replace_or_advance_show
    show_obj = self.machine.shows[config.name]
KeyError: 'rainbow'

During handling of the above exception, another exception occurred:

Traceback (most recent call last):
  File "C:\Users\dorus\AppData\Local\Programs\Python\Python38\lib\site-packages\mpf\core\events.py", line 695, in _run_handlers
    result = handler.callback(**merged_kwargs)
  File "C:\Users\dorus\AppData\Local\Programs\Python\Python38\lib\site-packages\mpf\core\config_player.py", line 328, in config_play_callback
    return self.play(settings=settings, context=context, calling_context=calling_context, priority=priority,
  File "C:\Users\dorus\AppData\Local\Programs\Python\Python38\lib\site-packages\mpf\config_players\show_player.py", line 60, in play
    self._update_show(show.name, show_settings, context, queue, start_time, show_tokens)
  File "C:\Users\dorus\AppData\Local\Programs\Python\Python38\lib\site-packages\mpf\config_players\show_player.py", line 224, in _update_show
    action(key, instance_dict, show_name, show_settings, queue, start_time, placeholder_args)
  File "C:\Users\dorus\AppData\Local\Programs\Python\Python38\lib\site-packages\mpf\config_players\show_player.py", line 116, in _play
    instance_dict[key] = self.machine.show_controller.replace_or_advance_show(previous_show, show_config,
  File "C:\Users\dorus\AppData\Local\Programs\Python\Python38\lib\site-packages\mpf\core\show_controller.py", line 130, in replace_or_advance_show
    raise KeyError("Cannot play show '{}'. No show with that "
KeyError: "Cannot play show 'rainbow'. No show with that name."

The above exception was the direct cause of the following exception:

Traceback (most recent call last):
  File "C:\Users\dorus\AppData\Local\Programs\Python\Python38\lib\site-packages\mpf\core\machine.py", line 769, in _run_loop
    raise self._exception['exception']
  File "C:\Users\dorus\AppData\Local\Programs\Python\Python38\lib\asyncio\events.py", line 81, in _run
    self._context.run(self._callback, *self._args)
  File "C:\Users\dorus\AppData\Local\Programs\Python\Python38\lib\site-packages\mpf\core\events.py", line 779, in process_event_queue
    self._process_event(event=event[0],
  File "C:\Users\dorus\AppData\Local\Programs\Python\Python38\lib\site-packages\mpf\core\events.py", line 741, in _process_event
    result = self._run_handlers(event, ev_type, kwargs)
  File "C:\Users\dorus\AppData\Local\Programs\Python\Python38\lib\site-packages\mpf\core\events.py", line 697, in _run_handlers
    raise Exception("Exception while processing {} for event {}. {}".format(handler, event, e)) from e
Exception: Exception while processing RegisteredHandler(callback=<bound method ConfigPlayer.config_play_callback of ConfigPlayer.show_player/shows>, priority=11, kwargs={'calling_context': 'mode_attract_started.1', 'mode': <Mode.attract>, 'settings': {rainbow-None-None: {'show_tokens': {'leds': <NativeTemplate led1, led2, led3>}, 'priority': 0, 'action': 'play', 'show': None, 'speed': 1.0, 'block_queue': False, 'start_step': <NativeTemplate 1>, 'start_running': <Template True>, 'loops': -1, 'sync_ms': None, 'manual_advance': False, 'show_queue': None, 'key': None, 'events_when_played': [], 'events_when_stopped': [], 'events_when_looped': [], 'events_when_paused': [], 'events_when_resumed': [], 'events_when_advanced': [], 'events_when_stepped_back': [], 'events_when_updated': [], 'events_when_completed': []}}}, key=UUID('fba0ecce-faea-42cb-9250-c615639d67ee'), condition=None, blocking_facility=None) for event mode_attract_started. "Cannot play show 'rainbow'. No show with that name."
2022-10-01 20:17:48,680 : INFO : crash_reporter : Will not report crash as "report_crashes" mode is "never"
2022-10-01 20:17:48,681 : INFO : root : MPF run loop ended.
