2022-08-25 19:05:46,913 : kivy : Factory: 186 symbols loaded
2022-08-25 19:05:47,226 : kivy : ImageLoaderFFPy: Using ffpyplayer 4.3.2
2022-08-25 19:05:47,227 : kivy : Image: Providers: img_tex, img_dds, img_sdl2, img_pil, img_ffpyplayer 
2022-08-25 19:05:47,305 : kivy : VideoGstplayer: Using Gstreamer 1.18.0.0
2022-08-25 19:05:47,305 : kivy : Video: Provider: gstplayer
2022-08-25 19:05:47,830 : kivy : Loading MPF-MC controller
2022-08-25 19:05:47,839 : YamlMultifileConfigLoader : Machine config file #1: config
2022-08-25 19:05:47,839 : ConfigProcessor : Loading config from file c:\users\dorus\appdata\local\programs\python\python38\lib\site-packages\mpfmc\mcconfig.yaml.
2022-08-25 19:05:47,918 : ConfigProcessor : Loading config: c:\users\dorus\appdata\local\programs\python\python38\lib\site-packages\mpfmc\mcconfig.yaml
2022-08-25 19:05:47,919 : ConfigProcessor : Loading config from file C:\pinball\MPFTest\config\config.
2022-08-25 19:05:47,925 : ConfigProcessor : Loading config: C:\pinball\MPFTest\config\config
2022-08-25 19:05:47,927 : ConfigProcessor : Config file cache created: C:\Users\dorus\AppData\Local\Temp\fd47fd99e9721cd694c3569d09f0eeee.mpf_cache
2022-08-25 19:05:47,929 : ConfigProcessor : Loading config from cache: C:\Users\dorus\AppData\Local\Temp\f669821a9dd3c682462b30511846254b.mpf_cache
2022-08-25 19:05:47,940 : ConfigProcessor : Loading config from cache: C:\Users\dorus\AppData\Local\Temp\12b32bb22730f14b6d64b890cf6dd15e.mpf_cache
2022-08-25 19:05:47,941 : mpfmc : Mission Pinball Framework Media Controller v0.55.0
2022-08-25 19:05:47,941 : mpfmc : Mission Pinball Framework Game Engine v0.55.0
2022-08-25 19:05:47,942 : mpfmc : Machine path: C:\pinball\MPFTest
2022-08-25 19:05:47,942 : mpfmc : Starting clock at 60.0Hz
2022-08-25 19:05:47,971 : kivy : Text: Provider: sdl2
2022-08-25 19:05:48,052 : kivy : Window: Provider: sdl2
2022-08-25 19:05:48,219 : kivy : GL: Using the "OpenGL" graphics system
2022-08-25 19:05:48,221 : kivy : GL: GLEW initialization succeeded
2022-08-25 19:05:48,221 : kivy : GL: Backend used <glew>
2022-08-25 19:05:48,221 : kivy : GL: OpenGL version <b'4.6.0 - Build 26.20.100.7372'>
2022-08-25 19:05:48,221 : kivy : GL: OpenGL vendor <b'Intel'>
2022-08-25 19:05:48,221 : kivy : GL: OpenGL renderer <b'Intel(R) UHD Graphics'>
2022-08-25 19:05:48,221 : kivy : GL: OpenGL parsed version: 4, 6
2022-08-25 19:05:48,221 : kivy : GL: Shading version <b'4.60 - Build 26.20.100.7372'>
2022-08-25 19:05:48,222 : kivy : GL: Texture max size <16384>
2022-08-25 19:05:48,222 : kivy : GL: Texture max units <32>
2022-08-25 19:05:48,258 : kivy : Window: auto add sdl2 input provider
2022-08-25 19:05:48,258 : kivy : Window: virtual keyboard not allowed, single mode, not docked
2022-08-25 19:05:48,274 : SoundSystem : SoundSystem: Using default 'sound_system' settings
2022-08-25 19:05:48,603 : AudioInterface : Initialized
2022-08-25 19:05:48,603 : AudioInterface : Loaded SDL 2.0.12
2022-08-25 19:05:48,603 : AudioInterface : Loaded SDL_Mixer 2.0.4
2022-08-25 19:05:48,603 : AudioInterface : Loaded GStreamer 1.18.0.0
2022-08-25 19:05:48,603 : AudioInterface : Loaded GLib 2.62.6
2022-08-25 19:05:48,603 : AudioInterface : Settings requested - rate: 44100, channels: 1, buffer: 2048 samples
2022-08-25 19:05:48,603 : AudioInterface : Settings in use - rate: 44100, channels: 1, buffer: 2048 samples (4096 bytes @ 2 bytes per sample)
2022-08-25 19:05:48,603 : SoundSystem : No audio tracks are specified in your machine config file. a track named 'default' has been created.
2022-08-25 19:05:48,603 : SoundSystem : Setting master volume to 0.0
2022-08-25 19:05:48,603 : SoundSystem : master_volume in sound_system is deprecated and will be removed in the future.
2022-08-25 19:05:48,603 : AudioInterface : Enabling audio playback
2022-08-25 19:05:48,606 : kivy : Base: Start application main loop
2022-08-25 19:05:48,606 : EventManager : Event: ======'display_default_initialized'====== Args={}
2022-08-25 19:05:48,617 : mpfmc : Display: Setting 'default' as default display
2022-08-25 19:05:48,623 : EventManager : Event: ======'displays_initialized'====== Args={}
2022-08-25 19:05:48,624 : EventManager : Event: ======'slide_default_blank_created'====== Args={}
2022-08-25 19:05:48,624 : EventManager : Event: ======'display_default_ready'====== Args={}
2022-08-25 19:05:48,633 : EventManager : Event: ======'init_phase_1'====== Args={}
2022-08-25 19:05:48,635 : EventManager : Event: ======'mc_ready'====== Args={}
2022-08-25 19:05:48,635 : EventManager : Event: ======'init_phase_2'====== Args={}
2022-08-25 19:05:48,647 : kivy : Base: Leaving application in progress...
2022-08-25 19:05:48,647 : kivy : Exception while processing RegisteredHandler(callback=<bound method ModeController._load_modes of <mpfmc.core.mode_controller.ModeController object at 0x000001EA842983A0>>, priority=1, kwargs={}, key=UUID('40c5f9d3-5f18-433c-af98-567bd31f181c'), condition=None, blocking_facility=None) for event init_phase_2. Config of slide_player for event mode_attract_started is broken. It expects a dict not a list
Traceback (most recent call last):
  File "c:\users\dorus\appdata\local\programs\python\python38\lib\site-packages\mpf\core\events.py", line 695, in _run_handlers
    result = handler.callback(**merged_kwargs)
  File "c:\users\dorus\appdata\local\programs\python\python38\lib\site-packages\mpfmc\core\mode_controller.py", line 67, in _load_modes
    item.method(config=mode.config.get(item.config_section),
  File "c:\users\dorus\appdata\local\programs\python\python38\lib\site-packages\mpf\core\config_player.py", line 132, in process_mode_config
    config = self.validate_config(config)
  File "c:\users\dorus\appdata\local\programs\python\python38\lib\site-packages\mpfmc\config_players\slide_player.py", line 222, in validate_config
    raise AssertionError(
AssertionError: Config of slide_player for event mode_attract_started is broken. It expects a dict not a list

The above exception was the direct cause of the following exception:

Traceback (most recent call last):
  File "c:\users\dorus\appdata\local\programs\python\python38\lib\site-packages\mpfmc\commands\mc.py", line 225, in __init__
    MpfMc(options=vars(args),
  File "c:\users\dorus\appdata\local\programs\python\python38\lib\site-packages\kivy\app.py", line 950, in run
    runTouchApp()
  File "c:\users\dorus\appdata\local\programs\python\python38\lib\site-packages\kivy\base.py", line 582, in runTouchApp
    EventLoop.mainloop()
  File "c:\users\dorus\appdata\local\programs\python\python38\lib\site-packages\kivy\base.py", line 347, in mainloop
    self.idle()
  File "c:\users\dorus\appdata\local\programs\python\python38\lib\site-packages\kivy\base.py", line 387, in idle
    Clock.tick()
  File "c:\users\dorus\appdata\local\programs\python\python38\lib\site-packages\kivy\clock.py", line 733, in tick
    self.post_idle(ts, self.idle())
  File "c:\users\dorus\appdata\local\programs\python\python38\lib\site-packages\kivy\clock.py", line 776, in post_idle
    self._process_events()
  File "kivy\_clock.pyx", line 616, in kivy._clock.CyClockBase._process_events
  File "kivy\_clock.pyx", line 649, in kivy._clock.CyClockBase._process_events
  File "kivy\_clock.pyx", line 645, in kivy._clock.CyClockBase._process_events
  File "kivy\_clock.pyx", line 218, in kivy._clock.ClockEvent.tick
  File "c:\users\dorus\appdata\local\programs\python\python38\lib\site-packages\mpfmc\uix\display.py", line 211, in _displays_initialized
    self.mc.displays_initialized()
  File "c:\users\dorus\appdata\local\programs\python\python38\lib\site-packages\mpfmc\core\mc.py", line 349, in displays_initialized
    self._init()
  File "c:\users\dorus\appdata\local\programs\python\python38\lib\site-packages\mpfmc\core\mc.py", line 394, in _init
    self.events.process_event_queue()
  File "c:\users\dorus\appdata\local\programs\python\python38\lib\site-packages\mpf\core\events.py", line 779, in process_event_queue
    self._process_event(event=event[0],
  File "c:\users\dorus\appdata\local\programs\python\python38\lib\site-packages\mpf\core\events.py", line 741, in _process_event
    result = self._run_handlers(event, ev_type, kwargs)
  File "c:\users\dorus\appdata\local\programs\python\python38\lib\site-packages\mpf\core\events.py", line 697, in _run_handlers
    raise Exception("Exception while processing {} for event {}. {}".format(handler, event, e)) from e
Exception: Exception while processing RegisteredHandler(callback=<bound method ModeController._load_modes of <mpfmc.core.mode_controller.ModeController object at 0x000001EA842983A0>>, priority=1, kwargs={}, key=UUID('40c5f9d3-5f18-433c-af98-567bd31f181c'), condition=None, blocking_facility=None) for event init_phase_2. Config of slide_player for event mode_attract_started is broken. It expects a dict not a list
2022-08-25 19:05:48,708 : kivy : Stopping child threads... (1 remaining)
2022-08-25 19:05:49,614 : kivy : All child threads stopped.
